This is pdfTeX, Version 3.14159265-2.6-1.40.19 (TeX Live 2018/W32TeX) (preloaded format=pdflatex 2018.10.31)  25 JAN 2019 17:18
entering extended mode
 restricted \write18 enabled.
 %&-line parsing enabled.
**atomka.tex
(./atomka.tex
LaTeX2e <2018-04-01> patch level 5
(c:/texlive/2018/texmf-dist/tex/latex/extsizes/extarticle.cls
Document Class: extarticle 1996/10/08 v1.0 Non Standard LaTeX document class
(c:/texlive/2018/texmf-dist/tex/latex/extsizes/size14.clo
File: size14.clo 1999/11/11 v1.4a NON-Standard LaTeX file (size option)
)
(c:/texlive/2018/texmf-dist/tex/latex/base/exscale.sty
Package: exscale 2014/09/29 v2.1h Standard LaTeX package exscale
LaTeX Font Info:    Redeclaring symbol font `largesymbols' on input line 57.
LaTeX Font Info:    Overwriting symbol font `largesymbols' in version `normal'
(Font)                  OMX/cmex/m/n --> OMX/cmex/m/n on input line 57.
LaTeX Font Info:    Overwriting symbol font `largesymbols' in version `bold'
(Font)                  OMX/cmex/m/n --> OMX/cmex/m/n on input line 57.
\big@size=\dimen102
)
\c@part=\count80
\c@section=\count81
\c@subsection=\count82
\c@subsubsection=\count83
\c@paragraph=\count84
\c@subparagraph=\count85
\c@figure=\count86
\c@table=\count87
\abovecaptionskip=\skip41
\belowcaptionskip=\skip42
\bibindent=\dimen103
)
(c:/texlive/2018/texmf-dist/tex/latex/cmap/cmap.sty
Package: cmap 2008/03/06 v1.0h CMap support: searchable PDF
)
(c:/texlive/2018/texmf-dist/tex/latex/base/fontenc.sty
Package: fontenc 2017/04/05 v2.0i Standard LaTeX package

(c:/texlive/2018/texmf-dist/tex/latex/cyrillic/t2aenc.def
File: t2aenc.def 2005/09/27 v1.0i Cyrillic encoding definition file
Now handling font encoding T2A ...
... processing UTF-8 mapping file for font encoding T2A

(c:/texlive/2018/texmf-dist/tex/latex/base/t2aenc.dfu
File: t2aenc.dfu 2018/04/05 v1.2c UTF-8 support for inputenc
   defining Unicode char U+00A4 (decimal 164)
   defining Unicode char U+00A7 (decimal 167)
   defining Unicode char U+00AB (decimal 171)
   defining Unicode char U+00BB (decimal 187)
   defining Unicode char U+0131 (decimal 305)
   defining Unicode char U+0400 (decimal 1024)
   defining Unicode char U+0401 (decimal 1025)
   defining Unicode char U+0402 (decimal 1026)
   defining Unicode char U+0403 (decimal 1027)
   defining Unicode char U+0404 (decimal 1028)
   defining Unicode char U+0405 (decimal 1029)
   defining Unicode char U+0406 (decimal 1030)
   defining Unicode char U+0407 (decimal 1031)
   defining Unicode char U+0408 (decimal 1032)
   defining Unicode char U+0409 (decimal 1033)
   defining Unicode char U+040A (decimal 1034)
   defining Unicode char U+040B (decimal 1035)
   defining Unicode char U+040C (decimal 1036)
   defining Unicode char U+040D (decimal 1037)
   defining Unicode char U+040E (decimal 1038)
   defining Unicode char U+040F (decimal 1039)
   defining Unicode char U+0410 (decimal 1040)
   defining Unicode char U+0411 (decimal 1041)
   defining Unicode char U+0412 (decimal 1042)
   defining Unicode char U+0413 (decimal 1043)
   defining Unicode char U+0414 (decimal 1044)
   defining Unicode char U+0415 (decimal 1045)
   defining Unicode char U+0416 (decimal 1046)
   defining Unicode char U+0417 (decimal 1047)
   defining Unicode char U+0418 (decimal 1048)
   defining Unicode char U+0419 (decimal 1049)
   defining Unicode char U+041A (decimal 1050)
   defining Unicode char U+041B (decimal 1051)
   defining Unicode char U+041C (decimal 1052)
   defining Unicode char U+041D (decimal 1053)
   defining Unicode char U+041E (decimal 1054)
   defining Unicode char U+041F (decimal 1055)
   defining Unicode char U+0420 (decimal 1056)
   defining Unicode char U+0421 (decimal 1057)
   defining Unicode char U+0422 (decimal 1058)
   defining Unicode char U+0423 (decimal 1059)
   defining Unicode char U+0424 (decimal 1060)
   defining Unicode char U+0425 (decimal 1061)
   defining Unicode char U+0426 (decimal 1062)
   defining Unicode char U+0427 (decimal 1063)
   defining Unicode char U+0428 (decimal 1064)
   defining Unicode char U+0429 (decimal 1065)
   defining Unicode char U+042A (decimal 1066)
   defining Unicode char U+042B (decimal 1067)
   defining Unicode char U+042C (decimal 1068)
   defining Unicode char U+042D (decimal 1069)
   defining Unicode char U+042E (decimal 1070)
   defining Unicode char U+042F (decimal 1071)
   defining Unicode char U+0430 (decimal 1072)
   defining Unicode char U+0431 (decimal 1073)
   defining Unicode char U+0432 (decimal 1074)
   defining Unicode char U+0433 (decimal 1075)
   defining Unicode char U+0434 (decimal 1076)
   defining Unicode char U+0435 (decimal 1077)
   defining Unicode char U+0436 (decimal 1078)
   defining Unicode char U+0437 (decimal 1079)
   defining Unicode char U+0438 (decimal 1080)
   defining Unicode char U+0439 (decimal 1081)
   defining Unicode char U+043A (decimal 1082)
   defining Unicode char U+043B (decimal 1083)
   defining Unicode char U+043C (decimal 1084)
   defining Unicode char U+043D (decimal 1085)
   defining Unicode char U+043E (decimal 1086)
   defining Unicode char U+043F (decimal 1087)
   defining Unicode char U+0440 (decimal 1088)
   defining Unicode char U+0441 (decimal 1089)
   defining Unicode char U+0442 (decimal 1090)
   defining Unicode char U+0443 (decimal 1091)
   defining Unicode char U+0444 (decimal 1092)
   defining Unicode char U+0445 (decimal 1093)
   defining Unicode char U+0446 (decimal 1094)
   defining Unicode char U+0447 (decimal 1095)
   defining Unicode char U+0448 (decimal 1096)
   defining Unicode char U+0449 (decimal 1097)
   defining Unicode char U+044A (decimal 1098)
   defining Unicode char U+044B (decimal 1099)
   defining Unicode char U+044C (decimal 1100)
   defining Unicode char U+044D (decimal 1101)
   defining Unicode char U+044E (decimal 1102)
   defining Unicode char U+044F (decimal 1103)
   defining Unicode char U+0450 (decimal 1104)
   defining Unicode char U+0451 (decimal 1105)
   defining Unicode char U+0452 (decimal 1106)
   defining Unicode char U+0453 (decimal 1107)
   defining Unicode char U+0454 (decimal 1108)
   defining Unicode char U+0455 (decimal 1109)
   defining Unicode char U+0456 (decimal 1110)
   defining Unicode char U+0457 (decimal 1111)
   defining Unicode char U+0458 (decimal 1112)
   defining Unicode char U+0459 (decimal 1113)
   defining Unicode char U+045A (decimal 1114)
   defining Unicode char U+045B (decimal 1115)
   defining Unicode char U+045C (decimal 1116)
   defining Unicode char U+045D (decimal 1117)
   defining Unicode char U+045E (decimal 1118)
   defining Unicode char U+045F (decimal 1119)
   defining Unicode char U+0490 (decimal 1168)
   defining Unicode char U+0491 (decimal 1169)
   defining Unicode char U+0492 (decimal 1170)
   defining Unicode char U+0493 (decimal 1171)
   defining Unicode char U+0496 (decimal 1174)
   defining Unicode char U+0497 (decimal 1175)
   defining Unicode char U+0498 (decimal 1176)
   defining Unicode char U+0499 (decimal 1177)
   defining Unicode char U+049A (decimal 1178)
   defining Unicode char U+049B (decimal 1179)
   defining Unicode char U+049C (decimal 1180)
   defining Unicode char U+049D (decimal 1181)
   defining Unicode char U+04A0 (decimal 1184)
   defining Unicode char U+04A1 (decimal 1185)
   defining Unicode char U+04A2 (decimal 1186)
   defining Unicode char U+04A3 (decimal 1187)
   defining Unicode char U+04A4 (decimal 1188)
   defining Unicode char U+04A5 (decimal 1189)
   defining Unicode char U+04AA (decimal 1194)
   defining Unicode char U+04AB (decimal 1195)
   defining Unicode char U+04AE (decimal 1198)
   defining Unicode char U+04AF (decimal 1199)
   defining Unicode char U+04B0 (decimal 1200)
   defining Unicode char U+04B1 (decimal 1201)
   defining Unicode char U+04B2 (decimal 1202)
   defining Unicode char U+04B3 (decimal 1203)
   defining Unicode char U+04B6 (decimal 1206)
   defining Unicode char U+04B7 (decimal 1207)
   defining Unicode char U+04B8 (decimal 1208)
   defining Unicode char U+04B9 (decimal 1209)
   defining Unicode char U+04BA (decimal 1210)
   defining Unicode char U+04BB (decimal 1211)
   defining Unicode char U+04C0 (decimal 1216)
   defining Unicode char U+04C1 (decimal 1217)
   defining Unicode char U+04C2 (decimal 1218)
   defining Unicode char U+04D0 (decimal 1232)
   defining Unicode char U+04D1 (decimal 1233)
   defining Unicode char U+04D2 (decimal 1234)
   defining Unicode char U+04D3 (decimal 1235)
   defining Unicode char U+04D4 (decimal 1236)
   defining Unicode char U+04D5 (decimal 1237)
   defining Unicode char U+04D6 (decimal 1238)
   defining Unicode char U+04D7 (decimal 1239)
   defining Unicode char U+04D8 (decimal 1240)
   defining Unicode char U+04D9 (decimal 1241)
   defining Unicode char U+04DA (decimal 1242)
   defining Unicode char U+04DB (decimal 1243)
   defining Unicode char U+04DC (decimal 1244)
   defining Unicode char U+04DD (decimal 1245)
   defining Unicode char U+04DE (decimal 1246)
   defining Unicode char U+04DF (decimal 1247)
   defining Unicode char U+04E2 (decimal 1250)
   defining Unicode char U+04E3 (decimal 1251)
   defining Unicode char U+04E4 (decimal 1252)
   defining Unicode char U+04E5 (decimal 1253)
   defining Unicode char U+04E6 (decimal 1254)
   defining Unicode char U+04E7 (decimal 1255)
   defining Unicode char U+04E8 (decimal 1256)
   defining Unicode char U+04E9 (decimal 1257)
   defining Unicode char U+04EC (decimal 1260)
   defining Unicode char U+04ED (decimal 1261)
   defining Unicode char U+04EE (decimal 1262)
   defining Unicode char U+04EF (decimal 1263)
   defining Unicode char U+04F0 (decimal 1264)
   defining Unicode char U+04F1 (decimal 1265)
   defining Unicode char U+04F2 (decimal 1266)
   defining Unicode char U+04F3 (decimal 1267)
   defining Unicode char U+04F4 (decimal 1268)
   defining Unicode char U+04F5 (decimal 1269)
   defining Unicode char U+04F8 (decimal 1272)
   defining Unicode char U+04F9 (decimal 1273)
   defining Unicode char U+200C (decimal 8204)
   defining Unicode char U+2013 (decimal 8211)
   defining Unicode char U+2014 (decimal 8212)
   defining Unicode char U+2018 (decimal 8216)
   defining Unicode char U+2019 (decimal 8217)
   defining Unicode char U+201C (decimal 8220)
   defining Unicode char U+201D (decimal 8221)
   defining Unicode char U+201E (decimal 8222)
   defining Unicode char U+2030 (decimal 8240)
   defining Unicode char U+2031 (decimal 8241)
   defining Unicode char U+2116 (decimal 8470)
   defining Unicode char U+2329 (decimal 9001)
   defining Unicode char U+232A (decimal 9002)
   defining Unicode char U+2423 (decimal 9251)
))
LaTeX Font Info:    Try loading font information for T2A+cmr on input line 105.


(c:/texlive/2018/texmf-dist/tex/latex/cyrillic/t2acmr.fd
File: t2acmr.fd 2001/08/11 v1.0a Computer Modern Cyrillic font definitions
)<<t2a.cmap>>)
(c:/texlive/2018/texmf-dist/tex/latex/base/inputenc.sty
Package: inputenc 2018/04/06 v1.3b Input encoding file
\inpenc@prehook=\toks14
\inpenc@posthook=\toks15

(c:/texlive/2018/texmf-dist/tex/latex/ucs/utf8x.def
File: utf8x.def 2004/10/17 UCS: Input encoding UTF-8
)
(c:/texlive/2018/texmf-dist/tex/latex/base/utf8.def
File: utf8.def 2018/04/05 v1.2c UTF-8 support for inputenc
Now handling font encoding OML ...
... no UTF-8 mapping file for font encoding OML
Now handling font encoding T1 ...
... processing UTF-8 mapping file for font encoding T1

(c:/texlive/2018/texmf-dist/tex/latex/base/t1enc.dfu
File: t1enc.dfu 2018/04/05 v1.2c UTF-8 support for inputenc
   defining Unicode char U+00A0 (decimal 160)
   defining Unicode char U+00A1 (decimal 161)
   defining Unicode char U+00A3 (decimal 163)
   defining Unicode char U+00AB (decimal 171)
   defining Unicode char U+00AD (decimal 173)
   defining Unicode char U+00BB (decimal 187)
   defining Unicode char U+00BF (decimal 191)
   defining Unicode char U+00C0 (decimal 192)
   defining Unicode char U+00C1 (decimal 193)
   defining Unicode char U+00C2 (decimal 194)
   defining Unicode char U+00C3 (decimal 195)
   defining Unicode char U+00C4 (decimal 196)
   defining Unicode char U+00C5 (decimal 197)
   defining Unicode char U+00C6 (decimal 198)
   defining Unicode char U+00C7 (decimal 199)
   defining Unicode char U+00C8 (decimal 200)
   defining Unicode char U+00C9 (decimal 201)
   defining Unicode char U+00CA (decimal 202)
   defining Unicode char U+00CB (decimal 203)
   defining Unicode char U+00CC (decimal 204)
   defining Unicode char U+00CD (decimal 205)
   defining Unicode char U+00CE (decimal 206)
   defining Unicode char U+00CF (decimal 207)
   defining Unicode char U+00D0 (decimal 208)
   defining Unicode char U+00D1 (decimal 209)
   defining Unicode char U+00D2 (decimal 210)
   defining Unicode char U+00D3 (decimal 211)
   defining Unicode char U+00D4 (decimal 212)
   defining Unicode char U+00D5 (decimal 213)
   defining Unicode char U+00D6 (decimal 214)
   defining Unicode char U+00D8 (decimal 216)
   defining Unicode char U+00D9 (decimal 217)
   defining Unicode char U+00DA (decimal 218)
   defining Unicode char U+00DB (decimal 219)
   defining Unicode char U+00DC (decimal 220)
   defining Unicode char U+00DD (decimal 221)
   defining Unicode char U+00DE (decimal 222)
   defining Unicode char U+00DF (decimal 223)
   defining Unicode char U+00E0 (decimal 224)
   defining Unicode char U+00E1 (decimal 225)
   defining Unicode char U+00E2 (decimal 226)
   defining Unicode char U+00E3 (decimal 227)
   defining Unicode char U+00E4 (decimal 228)
   defining Unicode char U+00E5 (decimal 229)
   defining Unicode char U+00E6 (decimal 230)
   defining Unicode char U+00E7 (decimal 231)
   defining Unicode char U+00E8 (decimal 232)
   defining Unicode char U+00E9 (decimal 233)
   defining Unicode char U+00EA (decimal 234)
   defining Unicode char U+00EB (decimal 235)
   defining Unicode char U+00EC (decimal 236)
   defining Unicode char U+00ED (decimal 237)
   defining Unicode char U+00EE (decimal 238)
   defining Unicode char U+00EF (decimal 239)
   defining Unicode char U+00F0 (decimal 240)
   defining Unicode char U+00F1 (decimal 241)
   defining Unicode char U+00F2 (decimal 242)
   defining Unicode char U+00F3 (decimal 243)
   defining Unicode char U+00F4 (decimal 244)
   defining Unicode char U+00F5 (decimal 245)
   defining Unicode char U+00F6 (decimal 246)
   defining Unicode char U+00F8 (decimal 248)
   defining Unicode char U+00F9 (decimal 249)
   defining Unicode char U+00FA (decimal 250)
   defining Unicode char U+00FB (decimal 251)
   defining Unicode char U+00FC (decimal 252)
   defining Unicode char U+00FD (decimal 253)
   defining Unicode char U+00FE (decimal 254)
   defining Unicode char U+00FF (decimal 255)
   defining Unicode char U+0100 (decimal 256)
   defining Unicode char U+0101 (decimal 257)
   defining Unicode char U+0102 (decimal 258)
   defining Unicode char U+0103 (decimal 259)
   defining Unicode char U+0104 (decimal 260)
   defining Unicode char U+0105 (decimal 261)
   defining Unicode char U+0106 (decimal 262)
   defining Unicode char U+0107 (decimal 263)
   defining Unicode char U+0108 (decimal 264)
   defining Unicode char U+0109 (decimal 265)
   defining Unicode char U+010A (decimal 266)
   defining Unicode char U+010B (decimal 267)
   defining Unicode char U+010C (decimal 268)
   defining Unicode char U+010D (decimal 269)
   defining Unicode char U+010E (decimal 270)
   defining Unicode char U+010F (decimal 271)
   defining Unicode char U+0110 (decimal 272)
   defining Unicode char U+0111 (decimal 273)
   defining Unicode char U+0112 (decimal 274)
   defining Unicode char U+0113 (decimal 275)
   defining Unicode char U+0114 (decimal 276)
   defining Unicode char U+0115 (decimal 277)
   defining Unicode char U+0116 (decimal 278)
   defining Unicode char U+0117 (decimal 279)
   defining Unicode char U+0118 (decimal 280)
   defining Unicode char U+0119 (decimal 281)
   defining Unicode char U+011A (decimal 282)
   defining Unicode char U+011B (decimal 283)
   defining Unicode char U+011C (decimal 284)
   defining Unicode char U+011D (decimal 285)
   defining Unicode char U+011E (decimal 286)
   defining Unicode char U+011F (decimal 287)
   defining Unicode char U+0120 (decimal 288)
   defining Unicode char U+0121 (decimal 289)
   defining Unicode char U+0122 (decimal 290)
   defining Unicode char U+0123 (decimal 291)
   defining Unicode char U+0124 (decimal 292)
   defining Unicode char U+0125 (decimal 293)
   defining Unicode char U+0128 (decimal 296)
   defining Unicode char U+0129 (decimal 297)
   defining Unicode char U+012A (decimal 298)
   defining Unicode char U+012B (decimal 299)
   defining Unicode char U+012C (decimal 300)
   defining Unicode char U+012D (decimal 301)
   defining Unicode char U+012E (decimal 302)
   defining Unicode char U+012F (decimal 303)
   defining Unicode char U+0130 (decimal 304)
   defining Unicode char U+0131 (decimal 305)
   defining Unicode char U+0132 (decimal 306)
   defining Unicode char U+0133 (decimal 307)
   defining Unicode char U+0134 (decimal 308)
   defining Unicode char U+0135 (decimal 309)
   defining Unicode char U+0136 (decimal 310)
   defining Unicode char U+0137 (decimal 311)
   defining Unicode char U+0139 (decimal 313)
   defining Unicode char U+013A (decimal 314)
   defining Unicode char U+013B (decimal 315)
   defining Unicode char U+013C (decimal 316)
   defining Unicode char U+013D (decimal 317)
   defining Unicode char U+013E (decimal 318)
   defining Unicode char U+0141 (decimal 321)
   defining Unicode char U+0142 (decimal 322)
   defining Unicode char U+0143 (decimal 323)
   defining Unicode char U+0144 (decimal 324)
   defining Unicode char U+0145 (decimal 325)
   defining Unicode char U+0146 (decimal 326)
   defining Unicode char U+0147 (decimal 327)
   defining Unicode char U+0148 (decimal 328)
   defining Unicode char U+014A (decimal 330)
   defining Unicode char U+014B (decimal 331)
   defining Unicode char U+014C (decimal 332)
   defining Unicode char U+014D (decimal 333)
   defining Unicode char U+014E (decimal 334)
   defining Unicode char U+014F (decimal 335)
   defining Unicode char U+0150 (decimal 336)
   defining Unicode char U+0151 (decimal 337)
   defining Unicode char U+0152 (decimal 338)
   defining Unicode char U+0153 (decimal 339)
   defining Unicode char U+0154 (decimal 340)
   defining Unicode char U+0155 (decimal 341)
   defining Unicode char U+0156 (decimal 342)
   defining Unicode char U+0157 (decimal 343)
   defining Unicode char U+0158 (decimal 344)
   defining Unicode char U+0159 (decimal 345)
   defining Unicode char U+015A (decimal 346)
   defining Unicode char U+015B (decimal 347)
   defining Unicode char U+015C (decimal 348)
   defining Unicode char U+015D (decimal 349)
   defining Unicode char U+015E (decimal 350)
   defining Unicode char U+015F (decimal 351)
   defining Unicode char U+0160 (decimal 352)
   defining Unicode char U+0161 (decimal 353)
   defining Unicode char U+0162 (decimal 354)
   defining Unicode char U+0163 (decimal 355)
   defining Unicode char U+0164 (decimal 356)
   defining Unicode char U+0165 (decimal 357)
   defining Unicode char U+0168 (decimal 360)
   defining Unicode char U+0169 (decimal 361)
   defining Unicode char U+016A (decimal 362)
   defining Unicode char U+016B (decimal 363)
   defining Unicode char U+016C (decimal 364)
   defining Unicode char U+016D (decimal 365)
   defining Unicode char U+016E (decimal 366)
   defining Unicode char U+016F (decimal 367)
   defining Unicode char U+0170 (decimal 368)
   defining Unicode char U+0171 (decimal 369)
   defining Unicode char U+0172 (decimal 370)
   defining Unicode char U+0173 (decimal 371)
   defining Unicode char U+0174 (decimal 372)
   defining Unicode char U+0175 (decimal 373)
   defining Unicode char U+0176 (decimal 374)
   defining Unicode char U+0177 (decimal 375)
   defining Unicode char U+0178 (decimal 376)
   defining Unicode char U+0179 (decimal 377)
   defining Unicode char U+017A (decimal 378)
   defining Unicode char U+017B (decimal 379)
   defining Unicode char U+017C (decimal 380)
   defining Unicode char U+017D (decimal 381)
   defining Unicode char U+017E (decimal 382)
   defining Unicode char U+01CD (decimal 461)
   defining Unicode char U+01CE (decimal 462)
   defining Unicode char U+01CF (decimal 463)
   defining Unicode char U+01D0 (decimal 464)
   defining Unicode char U+01D1 (decimal 465)
   defining Unicode char U+01D2 (decimal 466)
   defining Unicode char U+01D3 (decimal 467)
   defining Unicode char U+01D4 (decimal 468)
   defining Unicode char U+01E2 (decimal 482)
   defining Unicode char U+01E3 (decimal 483)
   defining Unicode char U+01E6 (decimal 486)
   defining Unicode char U+01E7 (decimal 487)
   defining Unicode char U+01E8 (decimal 488)
   defining Unicode char U+01E9 (decimal 489)
   defining Unicode char U+01EA (decimal 490)
   defining Unicode char U+01EB (decimal 491)
   defining Unicode char U+01F0 (decimal 496)
   defining Unicode char U+01F4 (decimal 500)
   defining Unicode char U+01F5 (decimal 501)
   defining Unicode char U+0218 (decimal 536)
   defining Unicode char U+0219 (decimal 537)
   defining Unicode char U+021A (decimal 538)
   defining Unicode char U+021B (decimal 539)
   defining Unicode char U+0232 (decimal 562)
   defining Unicode char U+0233 (decimal 563)
   defining Unicode char U+1E02 (decimal 7682)
   defining Unicode char U+1E03 (decimal 7683)
   defining Unicode char U+200C (decimal 8204)
   defining Unicode char U+2010 (decimal 8208)
   defining Unicode char U+2011 (decimal 8209)
   defining Unicode char U+2012 (decimal 8210)
   defining Unicode char U+2013 (decimal 8211)
   defining Unicode char U+2014 (decimal 8212)
   defining Unicode char U+2015 (decimal 8213)
   defining Unicode char U+2018 (decimal 8216)
   defining Unicode char U+2019 (decimal 8217)
   defining Unicode char U+201A (decimal 8218)
   defining Unicode char U+201C (decimal 8220)
   defining Unicode char U+201D (decimal 8221)
   defining Unicode char U+201E (decimal 8222)
   defining Unicode char U+2030 (decimal 8240)
   defining Unicode char U+2031 (decimal 8241)
   defining Unicode char U+2039 (decimal 8249)
   defining Unicode char U+203A (decimal 8250)
   defining Unicode char U+2423 (decimal 9251)
   defining Unicode char U+1E20 (decimal 7712)
   defining Unicode char U+1E21 (decimal 7713)
)
Now handling font encoding OT1 ...
... processing UTF-8 mapping file for font encoding OT1

(c:/texlive/2018/texmf-dist/tex/latex/base/ot1enc.dfu
File: ot1enc.dfu 2018/04/05 v1.2c UTF-8 support for inputenc
   defining Unicode char U+00A0 (decimal 160)
   defining Unicode char U+00A1 (decimal 161)
   defining Unicode char U+00A3 (decimal 163)
   defining Unicode char U+00AD (decimal 173)
   defining Unicode char U+00B8 (decimal 184)
   defining Unicode char U+00BF (decimal 191)
   defining Unicode char U+00C5 (decimal 197)
   defining Unicode char U+00C6 (decimal 198)
   defining Unicode char U+00D8 (decimal 216)
   defining Unicode char U+00DF (decimal 223)
   defining Unicode char U+00E6 (decimal 230)
   defining Unicode char U+00EC (decimal 236)
   defining Unicode char U+00ED (decimal 237)
   defining Unicode char U+00EE (decimal 238)
   defining Unicode char U+00EF (decimal 239)
   defining Unicode char U+00F8 (decimal 248)
   defining Unicode char U+0131 (decimal 305)
   defining Unicode char U+0141 (decimal 321)
   defining Unicode char U+0142 (decimal 322)
   defining Unicode char U+0152 (decimal 338)
   defining Unicode char U+0153 (decimal 339)
   defining Unicode char U+0174 (decimal 372)
   defining Unicode char U+0175 (decimal 373)
   defining Unicode char U+0176 (decimal 374)
   defining Unicode char U+0177 (decimal 375)
   defining Unicode char U+0218 (decimal 536)
   defining Unicode char U+0219 (decimal 537)
   defining Unicode char U+021A (decimal 538)
   defining Unicode char U+021B (decimal 539)
   defining Unicode char U+2013 (decimal 8211)
   defining Unicode char U+2014 (decimal 8212)
   defining Unicode char U+2018 (decimal 8216)
   defining Unicode char U+2019 (decimal 8217)
   defining Unicode char U+201C (decimal 8220)
   defining Unicode char U+201D (decimal 8221)
)
Now handling font encoding OMS ...
... processing UTF-8 mapping file for font encoding OMS

(c:/texlive/2018/texmf-dist/tex/latex/base/omsenc.dfu
File: omsenc.dfu 2018/04/05 v1.2c UTF-8 support for inputenc
   defining Unicode char U+00A7 (decimal 167)
   defining Unicode char U+00B6 (decimal 182)
   defining Unicode char U+00B7 (decimal 183)
   defining Unicode char U+2020 (decimal 8224)
   defining Unicode char U+2021 (decimal 8225)
   defining Unicode char U+2022 (decimal 8226)
)
Now handling font encoding OMX ...
... no UTF-8 mapping file for font encoding OMX
Now handling font encoding U ...
... no UTF-8 mapping file for font encoding U
Now handling font encoding T2A ...
... processing UTF-8 mapping file for font encoding T2A

(c:/texlive/2018/texmf-dist/tex/latex/base/t2aenc.dfu
File: t2aenc.dfu 2018/04/05 v1.2c UTF-8 support for inputenc
   defining Unicode char U+00A4 (decimal 164)
   defining Unicode char U+00A7 (decimal 167)
   defining Unicode char U+00AB (decimal 171)
   defining Unicode char U+00BB (decimal 187)
   defining Unicode char U+0131 (decimal 305)
   defining Unicode char U+0400 (decimal 1024)
   defining Unicode char U+0401 (decimal 1025)
   defining Unicode char U+0402 (decimal 1026)
   defining Unicode char U+0403 (decimal 1027)
   defining Unicode char U+0404 (decimal 1028)
   defining Unicode char U+0405 (decimal 1029)
   defining Unicode char U+0406 (decimal 1030)
   defining Unicode char U+0407 (decimal 1031)
   defining Unicode char U+0408 (decimal 1032)
   defining Unicode char U+0409 (decimal 1033)
   defining Unicode char U+040A (decimal 1034)
   defining Unicode char U+040B (decimal 1035)
   defining Unicode char U+040C (decimal 1036)
   defining Unicode char U+040D (decimal 1037)
   defining Unicode char U+040E (decimal 1038)
   defining Unicode char U+040F (decimal 1039)
   defining Unicode char U+0410 (decimal 1040)
   defining Unicode char U+0411 (decimal 1041)
   defining Unicode char U+0412 (decimal 1042)
   defining Unicode char U+0413 (decimal 1043)
   defining Unicode char U+0414 (decimal 1044)
   defining Unicode char U+0415 (decimal 1045)
   defining Unicode char U+0416 (decimal 1046)
   defining Unicode char U+0417 (decimal 1047)
   defining Unicode char U+0418 (decimal 1048)
   defining Unicode char U+0419 (decimal 1049)
   defining Unicode char U+041A (decimal 1050)
   defining Unicode char U+041B (decimal 1051)
   defining Unicode char U+041C (decimal 1052)
   defining Unicode char U+041D (decimal 1053)
   defining Unicode char U+041E (decimal 1054)
   defining Unicode char U+041F (decimal 1055)
   defining Unicode char U+0420 (decimal 1056)
   defining Unicode char U+0421 (decimal 1057)
   defining Unicode char U+0422 (decimal 1058)
   defining Unicode char U+0423 (decimal 1059)
   defining Unicode char U+0424 (decimal 1060)
   defining Unicode char U+0425 (decimal 1061)
   defining Unicode char U+0426 (decimal 1062)
   defining Unicode char U+0427 (decimal 1063)
   defining Unicode char U+0428 (decimal 1064)
   defining Unicode char U+0429 (decimal 1065)
   defining Unicode char U+042A (decimal 1066)
   defining Unicode char U+042B (decimal 1067)
   defining Unicode char U+042C (decimal 1068)
   defining Unicode char U+042D (decimal 1069)
   defining Unicode char U+042E (decimal 1070)
   defining Unicode char U+042F (decimal 1071)
   defining Unicode char U+0430 (decimal 1072)
   defining Unicode char U+0431 (decimal 1073)
   defining Unicode char U+0432 (decimal 1074)
   defining Unicode char U+0433 (decimal 1075)
   defining Unicode char U+0434 (decimal 1076)
   defining Unicode char U+0435 (decimal 1077)
   defining Unicode char U+0436 (decimal 1078)
   defining Unicode char U+0437 (decimal 1079)
   defining Unicode char U+0438 (decimal 1080)
   defining Unicode char U+0439 (decimal 1081)
   defining Unicode char U+043A (decimal 1082)
   defining Unicode char U+043B (decimal 1083)
   defining Unicode char U+043C (decimal 1084)
   defining Unicode char U+043D (decimal 1085)
   defining Unicode char U+043E (decimal 1086)
   defining Unicode char U+043F (decimal 1087)
   defining Unicode char U+0440 (decimal 1088)
   defining Unicode char U+0441 (decimal 1089)
   defining Unicode char U+0442 (decimal 1090)
   defining Unicode char U+0443 (decimal 1091)
   defining Unicode char U+0444 (decimal 1092)
   defining Unicode char U+0445 (decimal 1093)
   defining Unicode char U+0446 (decimal 1094)
   defining Unicode char U+0447 (decimal 1095)
   defining Unicode char U+0448 (decimal 1096)
   defining Unicode char U+0449 (decimal 1097)
   defining Unicode char U+044A (decimal 1098)
   defining Unicode char U+044B (decimal 1099)
   defining Unicode char U+044C (decimal 1100)
   defining Unicode char U+044D (decimal 1101)
   defining Unicode char U+044E (decimal 1102)
   defining Unicode char U+044F (decimal 1103)
   defining Unicode char U+0450 (decimal 1104)
   defining Unicode char U+0451 (decimal 1105)
   defining Unicode char U+0452 (decimal 1106)
   defining Unicode char U+0453 (decimal 1107)
   defining Unicode char U+0454 (decimal 1108)
   defining Unicode char U+0455 (decimal 1109)
   defining Unicode char U+0456 (decimal 1110)
   defining Unicode char U+0457 (decimal 1111)
   defining Unicode char U+0458 (decimal 1112)
   defining Unicode char U+0459 (decimal 1113)
   defining Unicode char U+045A (decimal 1114)
   defining Unicode char U+045B (decimal 1115)
   defining Unicode char U+045C (decimal 1116)
   defining Unicode char U+045D (decimal 1117)
   defining Unicode char U+045E (decimal 1118)
   defining Unicode char U+045F (decimal 1119)
   defining Unicode char U+0490 (decimal 1168)
   defining Unicode char U+0491 (decimal 1169)
   defining Unicode char U+0492 (decimal 1170)
   defining Unicode char U+0493 (decimal 1171)
   defining Unicode char U+0496 (decimal 1174)
   defining Unicode char U+0497 (decimal 1175)
   defining Unicode char U+0498 (decimal 1176)
   defining Unicode char U+0499 (decimal 1177)
   defining Unicode char U+049A (decimal 1178)
   defining Unicode char U+049B (decimal 1179)
   defining Unicode char U+049C (decimal 1180)
   defining Unicode char U+049D (decimal 1181)
   defining Unicode char U+04A0 (decimal 1184)
   defining Unicode char U+04A1 (decimal 1185)
   defining Unicode char U+04A2 (decimal 1186)
   defining Unicode char U+04A3 (decimal 1187)
   defining Unicode char U+04A4 (decimal 1188)
   defining Unicode char U+04A5 (decimal 1189)
   defining Unicode char U+04AA (decimal 1194)
   defining Unicode char U+04AB (decimal 1195)
   defining Unicode char U+04AE (decimal 1198)
   defining Unicode char U+04AF (decimal 1199)
   defining Unicode char U+04B0 (decimal 1200)
   defining Unicode char U+04B1 (decimal 1201)
   defining Unicode char U+04B2 (decimal 1202)
   defining Unicode char U+04B3 (decimal 1203)
   defining Unicode char U+04B6 (decimal 1206)
   defining Unicode char U+04B7 (decimal 1207)
   defining Unicode char U+04B8 (decimal 1208)
   defining Unicode char U+04B9 (decimal 1209)
   defining Unicode char U+04BA (decimal 1210)
   defining Unicode char U+04BB (decimal 1211)
   defining Unicode char U+04C0 (decimal 1216)
   defining Unicode char U+04C1 (decimal 1217)
   defining Unicode char U+04C2 (decimal 1218)
   defining Unicode char U+04D0 (decimal 1232)
   defining Unicode char U+04D1 (decimal 1233)
   defining Unicode char U+04D2 (decimal 1234)
   defining Unicode char U+04D3 (decimal 1235)
   defining Unicode char U+04D4 (decimal 1236)
   defining Unicode char U+04D5 (decimal 1237)
   defining Unicode char U+04D6 (decimal 1238)
   defining Unicode char U+04D7 (decimal 1239)
   defining Unicode char U+04D8 (decimal 1240)
   defining Unicode char U+04D9 (decimal 1241)
   defining Unicode char U+04DA (decimal 1242)
   defining Unicode char U+04DB (decimal 1243)
   defining Unicode char U+04DC (decimal 1244)
   defining Unicode char U+04DD (decimal 1245)
   defining Unicode char U+04DE (decimal 1246)
   defining Unicode char U+04DF (decimal 1247)
   defining Unicode char U+04E2 (decimal 1250)
   defining Unicode char U+04E3 (decimal 1251)
   defining Unicode char U+04E4 (decimal 1252)
   defining Unicode char U+04E5 (decimal 1253)
   defining Unicode char U+04E6 (decimal 1254)
   defining Unicode char U+04E7 (decimal 1255)
   defining Unicode char U+04E8 (decimal 1256)
   defining Unicode char U+04E9 (decimal 1257)
   defining Unicode char U+04EC (decimal 1260)
   defining Unicode char U+04ED (decimal 1261)
   defining Unicode char U+04EE (decimal 1262)
   defining Unicode char U+04EF (decimal 1263)
   defining Unicode char U+04F0 (decimal 1264)
   defining Unicode char U+04F1 (decimal 1265)
   defining Unicode char U+04F2 (decimal 1266)
   defining Unicode char U+04F3 (decimal 1267)
   defining Unicode char U+04F4 (decimal 1268)
   defining Unicode char U+04F5 (decimal 1269)
   defining Unicode char U+04F8 (decimal 1272)
   defining Unicode char U+04F9 (decimal 1273)
   defining Unicode char U+200C (decimal 8204)
   defining Unicode char U+2013 (decimal 8211)
   defining Unicode char U+2014 (decimal 8212)
   defining Unicode char U+2018 (decimal 8216)
   defining Unicode char U+2019 (decimal 8217)
   defining Unicode char U+201C (decimal 8220)
   defining Unicode char U+201D (decimal 8221)
   defining Unicode char U+201E (decimal 8222)
   defining Unicode char U+2030 (decimal 8240)
   defining Unicode char U+2031 (decimal 8241)
   defining Unicode char U+2116 (decimal 8470)
   defining Unicode char U+2329 (decimal 9001)
   defining Unicode char U+232A (decimal 9002)
   defining Unicode char U+2423 (decimal 9251)
)
   defining Unicode char U+00A9 (decimal 169)
   defining Unicode char U+00AA (decimal 170)
   defining Unicode char U+00AE (decimal 174)
   defining Unicode char U+00BA (decimal 186)
   defining Unicode char U+02C6 (decimal 710)
   defining Unicode char U+02DC (decimal 732)
   defining Unicode char U+200C (decimal 8204)
   defining Unicode char U+2026 (decimal 8230)
   defining Unicode char U+2122 (decimal 8482)
   defining Unicode char U+2423 (decimal 9251)
   defining Unicode char U+FEFF (decimal 65279)
))
(c:/texlive/2018/texmf-dist/tex/latex/ucs/ucs.sty
Package: ucs 2013/05/11 v2.2 UCS: Unicode input support

(c:/texlive/2018/texmf-dist/tex/latex/ucs/data/uni-global.def
File: uni-global.def 2013/05/13 UCS: Unicode global data
)
\uc@secondtry=\count88
\uc@combtoks=\toks16
\uc@combtoksb=\toks17
\uc@temptokena=\toks18
)
(c:/texlive/2018/texmf-dist/tex/generic/babel/babel.sty
Package: babel 2018/10/16 3.26 The Babel package

(c:/texlive/2018/texmf-dist/tex/generic/babel/switch.def
File: switch.def 2018/10/16 3.26 Babel switching mechanism
)
(c:/texlive/2018/texmf-dist/tex/generic/babel-russian/russianb.ldf
Language: russian 2017/08/12 1.3j Russian support for the Babel system

(c:/texlive/2018/texmf-dist/tex/generic/babel/babel.def
File: babel.def 2018/10/16 3.26 Babel common definitions
\babel@savecnt=\count89
\U@D=\dimen104

(c:/texlive/2018/texmf-dist/tex/generic/babel/txtbabel.def)
\bbl@dirlevel=\count90
)
Package babel Info: Making " an active character on input line 120.
Package babel Info: Default for \cyrdash is provided on input line 157.
))
(c:/texlive/2018/texmf-dist/tex/latex/graphics/graphicx.sty
Package: graphicx 2017/06/01 v1.1a Enhanced LaTeX Graphics (DPC,SPQR)

(c:/texlive/2018/texmf-dist/tex/latex/graphics/keyval.sty
Package: keyval 2014/10/28 v1.15 key=value parser (DPC)
\KV@toks@=\toks19
)
(c:/texlive/2018/texmf-dist/tex/latex/graphics/graphics.sty
Package: graphics 2017/06/25 v1.2c Standard LaTeX Graphics (DPC,SPQR)

(c:/texlive/2018/texmf-dist/tex/latex/graphics/trig.sty
Package: trig 2016/01/03 v1.10 sin cos tan (DPC)
)
(c:/texlive/2018/texmf-dist/tex/latex/graphics-cfg/graphics.cfg
File: graphics.cfg 2016/06/04 v1.11 sample graphics configuration
)
Package graphics Info: Driver file: pdftex.def on input line 99.

(c:/texlive/2018/texmf-dist/tex/latex/graphics-def/pdftex.def
File: pdftex.def 2018/01/08 v1.0l Graphics/color driver for pdftex
))
\Gin@req@height=\dimen105
\Gin@req@width=\dimen106
)
(c:/texlive/2018/texmf-dist/tex/latex/graphics/color.sty
Package: color 2016/07/10 v1.1e Standard LaTeX Color (DPC)

(c:/texlive/2018/texmf-dist/tex/latex/graphics-cfg/color.cfg
File: color.cfg 2016/01/02 v1.6 sample color configuration
)
Package color Info: Driver file: pdftex.def on input line 147.
)
(c:/texlive/2018/texmf-dist/tex/latex/fancyhdr/fancyhdr.sty
Package: fancyhdr 2017/06/30 v3.9a Extensive control of page headers and footer
s
\f@nch@headwidth=\skip43
\f@nch@O@elh=\skip44
\f@nch@O@erh=\skip45
\f@nch@O@olh=\skip46
\f@nch@O@orh=\skip47
\f@nch@O@elf=\skip48
\f@nch@O@erf=\skip49
\f@nch@O@olf=\skip50
\f@nch@O@orf=\skip51
)
(c:/texlive/2018/texmf-dist/tex/latex/geometry/geometry.sty
Package: geometry 2018/04/16 v5.8 Page Geometry

(c:/texlive/2018/texmf-dist/tex/generic/oberdiek/ifpdf.sty
Package: ifpdf 2018/09/07 v3.3 Provides the ifpdf switch
)
(c:/texlive/2018/texmf-dist/tex/generic/oberdiek/ifvtex.sty
Package: ifvtex 2016/05/16 v1.6 Detect VTeX and its facilities (HO)
Package ifvtex Info: VTeX not detected.
)
(c:/texlive/2018/texmf-dist/tex/generic/ifxetex/ifxetex.sty
Package: ifxetex 2010/09/12 v0.6 Provides ifxetex conditional
)
\Gm@cnth=\count91
\Gm@cntv=\count92
\c@Gm@tempcnt=\count93
\Gm@bindingoffset=\dimen107
\Gm@wd@mp=\dimen108
\Gm@odd@mp=\dimen109
\Gm@even@mp=\dimen110
\Gm@layoutwidth=\dimen111
\Gm@layoutheight=\dimen112
\Gm@layouthoffset=\dimen113
\Gm@layoutvoffset=\dimen114
\Gm@dimlist=\toks20
)
(c:/texlive/2018/texmf-dist/tex/latex/hyperref/hyperref.sty
Package: hyperref 2018/09/30 v6.88a Hypertext links for LaTeX

(c:/texlive/2018/texmf-dist/tex/generic/oberdiek/hobsub-hyperref.sty
Package: hobsub-hyperref 2016/05/16 v1.14 Bundle oberdiek, subset hyperref (HO)


(c:/texlive/2018/texmf-dist/tex/generic/oberdiek/hobsub-generic.sty
Package: hobsub-generic 2016/05/16 v1.14 Bundle oberdiek, subset generic (HO)
Package: hobsub 2016/05/16 v1.14 Construct package bundles (HO)
Package: infwarerr 2016/05/16 v1.4 Providing info/warning/error messages (HO)
Package: ltxcmds 2016/05/16 v1.23 LaTeX kernel commands for general use (HO)
Package: ifluatex 2016/05/16 v1.4 Provides the ifluatex switch (HO)
Package ifluatex Info: LuaTeX not detected.
Package hobsub Info: Skipping package `ifvtex' (already loaded).
Package: intcalc 2016/05/16 v1.2 Expandable calculations with integers (HO)
Package hobsub Info: Skipping package `ifpdf' (already loaded).
Package: etexcmds 2016/05/16 v1.6 Avoid name clashes with e-TeX commands (HO)
Package etexcmds Info: Could not find \expanded.
(etexcmds)             That can mean that you are not using pdfTeX 1.50 or
(etexcmds)             that some package has redefined \expanded.
(etexcmds)             In the latter case, load this package earlier.
Package: kvsetkeys 2016/05/16 v1.17 Key value parser (HO)
Package: kvdefinekeys 2016/05/16 v1.4 Define keys (HO)
Package: pdftexcmds 2018/09/10 v0.29 Utility functions of pdfTeX for LuaTeX (HO
)
Package pdftexcmds Info: LuaTeX not detected.
Package pdftexcmds Info: \pdf@primitive is available.
Package pdftexcmds Info: \pdf@ifprimitive is available.
Package pdftexcmds Info: \pdfdraftmode found.
Package: pdfescape 2016/05/16 v1.14 Implements pdfTeX's escape features (HO)
Package: bigintcalc 2016/05/16 v1.4 Expandable calculations on big integers (HO
)
Package: bitset 2016/05/16 v1.2 Handle bit-vector datatype (HO)
Package: uniquecounter 2016/05/16 v1.3 Provide unlimited unique counter (HO)
)
Package hobsub Info: Skipping package `hobsub' (already loaded).
Package: letltxmacro 2016/05/16 v1.5 Let assignment for LaTeX macros (HO)
Package: hopatch 2016/05/16 v1.3 Wrapper for package hooks (HO)
Package: xcolor-patch 2016/05/16 xcolor patch
Package: atveryend 2016/05/16 v1.9 Hooks at the very end of document (HO)
Package atveryend Info: \enddocument detected (standard20110627).
Package: atbegshi 2016/06/09 v1.18 At begin shipout hook (HO)
Package: refcount 2016/05/16 v3.5 Data extraction from label references (HO)
Package: hycolor 2016/05/16 v1.8 Color options for hyperref/bookmark (HO)
)
(c:/texlive/2018/texmf-dist/tex/latex/oberdiek/auxhook.sty
Package: auxhook 2016/05/16 v1.4 Hooks for auxiliary files (HO)
)
(c:/texlive/2018/texmf-dist/tex/latex/oberdiek/kvoptions.sty
Package: kvoptions 2016/05/16 v3.12 Key value format for package options (HO)
)
\@linkdim=\dimen115
\Hy@linkcounter=\count94
\Hy@pagecounter=\count95

(c:/texlive/2018/texmf-dist/tex/latex/hyperref/pd1enc.def
File: pd1enc.def 2018/09/30 v6.88a Hyperref: PDFDocEncoding definition (HO)
Now handling font encoding PD1 ...
... no UTF-8 mapping file for font encoding PD1
)
\Hy@SavedSpaceFactor=\count96
Package hyperref Info: Option `unicode' set `true' on input line 3475.

(c:/texlive/2018/texmf-dist/tex/latex/hyperref/puenc.def
File: puenc.def 2018/09/30 v6.88a Hyperref: PDF Unicode definition (HO)
Now handling font encoding PU ...
... no UTF-8 mapping file for font encoding PU
)
(c:/texlive/2018/texmf-dist/tex/latex/latexconfig/hyperref.cfg
File: hyperref.cfg 2002/06/06 v1.2 hyperref configuration of TeXLive
)
Package hyperref Info: Option `plainpages' set `true' on input line 4409.
Package hyperref Info: Option `pageanchor' set `true' on input line 4409.
Package hyperref Info: Option `unicode' set `true' on input line 4409.
Package hyperref Info: Hyper figures OFF on input line 4535.
Package hyperref Info: Link nesting OFF on input line 4540.
Package hyperref Info: Hyper index ON on input line 4543.
Package hyperref Info: Plain pages ON on input line 4548.
Package hyperref Info: Backreferencing OFF on input line 4555.
Package hyperref Info: Implicit mode ON; LaTeX internals redefined.
Package hyperref Info: Bookmarks ON on input line 4788.
\c@Hy@tempcnt=\count97

(c:/texlive/2018/texmf-dist/tex/latex/url/url.sty
\Urlmuskip=\muskip10
Package: url 2013/09/16  ver 3.4  Verb mode for urls, etc.
)
LaTeX Info: Redefining \url on input line 5141.
\XeTeXLinkMargin=\dimen116
\Fld@menulength=\count98
\Field@Width=\dimen117
\Fld@charsize=\dimen118
Package hyperref Info: Hyper figures OFF on input line 6396.
Package hyperref Info: Link nesting OFF on input line 6401.
Package hyperref Info: Hyper index ON on input line 6404.
Package hyperref Info: backreferencing OFF on input line 6411.
Package hyperref Info: Link coloring OFF on input line 6416.
Package hyperref Info: Link coloring with OCG OFF on input line 6421.
Package hyperref Info: PDF/A mode OFF on input line 6426.
LaTeX Info: Redefining \ref on input line 6466.
LaTeX Info: Redefining \pageref on input line 6470.
\Hy@abspage=\count99
\c@Item=\count100
\c@Hfootnote=\count101
)
Package hyperref Info: Driver (autodetected): hpdftex.

(c:/texlive/2018/texmf-dist/tex/latex/hyperref/hpdftex.def
File: hpdftex.def 2018/09/30 v6.88a Hyperref driver for pdfTeX
\Fld@listcount=\count102
\c@bookmark@seq@number=\count103

(c:/texlive/2018/texmf-dist/tex/latex/oberdiek/rerunfilecheck.sty
Package: rerunfilecheck 2016/05/16 v1.8 Rerun checks for auxiliary files (HO)
Package uniquecounter Info: New unique counter `rerunfilecheck' on input line 2
82.
)
\Hy@SectionHShift=\skip52
)
(c:/texlive/2018/texmf-dist/tex/latex/adjustbox/adjustbox.sty
Package: adjustbox 2018/04/08 v1.1 Adjusting TeX boxes (trim, clip, ...)

(c:/texlive/2018/texmf-dist/tex/latex/xkeyval/xkeyval.sty
Package: xkeyval 2014/12/03 v2.7a package option processing (HA)

(c:/texlive/2018/texmf-dist/tex/generic/xkeyval/xkeyval.tex
(c:/texlive/2018/texmf-dist/tex/generic/xkeyval/xkvutils.tex
\XKV@toks=\toks21
\XKV@tempa@toks=\toks22
)
\XKV@depth=\count104
File: xkeyval.tex 2014/12/03 v2.7a key=value parser (HA)
))
(c:/texlive/2018/texmf-dist/tex/latex/adjustbox/adjcalc.sty
Package: adjcalc 2012/05/16 v1.1 Provides advanced setlength with multiple back
-ends (calc, etex, pgfmath)
)
(c:/texlive/2018/texmf-dist/tex/latex/adjustbox/trimclip.sty
Package: trimclip 2018/04/08 v1.1 Trim and clip general TeX material

(c:/texlive/2018/texmf-dist/tex/latex/collectbox/collectbox.sty
Package: collectbox 2012/05/17 v0.4b Collect macro arguments as boxes
\collectedbox=\box26
)
\tc@llx=\dimen119
\tc@lly=\dimen120
\tc@urx=\dimen121
\tc@ury=\dimen122
Package trimclip Info: Using driver 'tc-pdftex.def'.

(c:/texlive/2018/texmf-dist/tex/latex/adjustbox/tc-pdftex.def
File: tc-pdftex.def 2018/04/08 v2.1 Clipping driver for pdftex
))
\adjbox@Width=\dimen123
\adjbox@Height=\dimen124
\adjbox@Depth=\dimen125
\adjbox@Totalheight=\dimen126
\adjbox@pwidth=\dimen127
\adjbox@pheight=\dimen128
\adjbox@pdepth=\dimen129
\adjbox@ptotalheight=\dimen130

(c:/texlive/2018/texmf-dist/tex/latex/ifoddpage/ifoddpage.sty
Package: ifoddpage 2016/04/23 v1.1 Conditionals for odd/even page detection
\c@checkoddpage=\count105
)
(c:/texlive/2018/texmf-dist/tex/latex/varwidth/varwidth.sty
Package: varwidth 2009/03/30 ver 0.92;  Variable-width minipages
\@vwid@box=\box27
\sift@deathcycles=\count106
\@vwid@loff=\dimen131
\@vwid@roff=\dimen132
)) (./atomka.aux)
\openout1 = `atomka.aux'.

LaTeX Font Info:    Checking defaults for OML/cmm/m/it on input line 55.
LaTeX Font Info:    ... okay on input line 55.
LaTeX Font Info:    Checking defaults for T1/cmr/m/n on input line 55.
LaTeX Font Info:    ... okay on input line 55.
LaTeX Font Info:    Checking defaults for OT1/cmr/m/n on input line 55.
LaTeX Font Info:    ... okay on input line 55.
LaTeX Font Info:    Checking defaults for OMS/cmsy/m/n on input line 55.
LaTeX Font Info:    ... okay on input line 55.
LaTeX Font Info:    Checking defaults for OMX/cmex/m/n on input line 55.
LaTeX Font Info:    ... okay on input line 55.
LaTeX Font Info:    Checking defaults for U/cmr/m/n on input line 55.
LaTeX Font Info:    ... okay on input line 55.
LaTeX Font Info:    Checking defaults for T2A/cmr/m/n on input line 55.
LaTeX Font Info:    ... okay on input line 55.
LaTeX Font Info:    Checking defaults for PD1/pdf/m/n on input line 55.
LaTeX Font Info:    ... okay on input line 55.
LaTeX Font Info:    Checking defaults for PU/pdf/m/n on input line 55.
LaTeX Font Info:    ... okay on input line 55.

(c:/texlive/2018/texmf-dist/tex/latex/ucs/ucsencs.def
File: ucsencs.def 2011/01/21 Fixes to fontencodings LGR, T3
)
(c:/texlive/2018/texmf-dist/tex/context/base/mkii/supp-pdf.mkii
[Loading MPS to PDF converter (version 2006.09.02).]
\scratchcounter=\count107
\scratchdimen=\dimen133
\scratchbox=\box28
\nofMPsegments=\count108
\nofMParguments=\count109
\everyMPshowfont=\toks23
\MPscratchCnt=\count110
\MPscratchDim=\dimen134
\MPnumerator=\count111
\makeMPintoPDFobject=\count112
\everyMPtoPDFconversion=\toks24
) (c:/texlive/2018/texmf-dist/tex/latex/oberdiek/epstopdf-base.sty
Package: epstopdf-base 2016/05/15 v2.6 Base part for package epstopdf

(c:/texlive/2018/texmf-dist/tex/latex/oberdiek/grfext.sty
Package: grfext 2016/05/16 v1.2 Manage graphics extensions (HO)
)
Package epstopdf-base Info: Redefining graphics rule for `.eps' on input line 4
38.
Package grfext Info: Graphics extension search list:
(grfext)             [.pdf,.png,.jpg,.mps,.jpeg,.jbig2,.jb2,.PDF,.PNG,.JPG,.JPE
G,.JBIG2,.JB2,.eps]
(grfext)             \AppendGraphicsExtensions on input line 456.

(c:/texlive/2018/texmf-dist/tex/latex/latexconfig/epstopdf-sys.cfg
File: epstopdf-sys.cfg 2010/07/13 v1.3 Configuration of (r)epstopdf for TeX Liv
e
))
*geometry* driver: auto-detecting
*geometry* detected driver: pdftex
*geometry* verbose mode - [ preamble ] result:
* driver: pdftex
* paper: a4paper
* layout: <same size as paper>
* layoutoffset:(h,v)=(0.0pt,0.0pt)
* modes: 
* h-part:(L,W,R)=(14.22636pt, 569.05515pt, 14.22636pt)
* v-part:(T,H,B)=(42.67912pt, 759.6886pt, 42.67912pt)
* \paperwidth=597.50787pt
* \paperheight=845.04684pt
* \textwidth=569.05515pt
* \textheight=759.6886pt
* \oddsidemargin=-58.04362pt
* \evensidemargin=-58.04362pt
* \topmargin=-68.59087pt
* \headheight=14.0pt
* \headsep=25.0pt
* \topskip=14.0pt
* \footskip=30.0pt
* \marginparwidth=15.0pt
* \marginparsep=10.0pt
* \columnsep=10.0pt
* \skip\footins=12.0pt plus 4.0pt minus 2.0pt
* \hoffset=0.0pt
* \voffset=0.0pt
* \mag=1000
* \@twocolumnfalse
* \@twosidefalse
* \@mparswitchfalse
* \@reversemarginfalse
* (1in=72.27pt=25.4mm, 1cm=28.453pt)

\AtBeginShipoutBox=\box29
Package hyperref Info: Link coloring OFF on input line 55.
(c:/texlive/2018/texmf-dist/tex/latex/hyperref/nameref.sty
Package: nameref 2016/05/21 v2.44 Cross-referencing by name of section

(c:/texlive/2018/texmf-dist/tex/generic/oberdiek/gettitlestring.sty
Package: gettitlestring 2016/05/16 v1.5 Cleanup title references (HO)
)
\c@section@level=\count113
)
LaTeX Info: Redefining \ref on input line 55.
LaTeX Info: Redefining \pageref on input line 55.
LaTeX Info: Redefining \nameref on input line 55.

(./atomka.out) (./atomka.out)
\@outlinefile=\write3
\openout3 = `atomka.out'.

 (./atomka.toc<<ot1.cmap>><<oml.cmap>><<oms.cmap>><<omx.cmap>>
LaTeX Font Info:    External font `cmex7' loaded for size
(Font)              <7> on input line 4.


Package Fancyhdr Warning: \headheight is too small (14.0pt): 
 Make it at least 17.0pt.
 We now make it that large for the rest of the document.
 This may cause the page layout to be inconsistent, however.

[1{c:/texlive/2018/texmf-var/fonts/map/pdftex/updmap/pdftex.map}

])
\tf@toc=\write4
\openout4 = `atomka.toc'.

 [2]
<jpg/1.jpg, id=282, 1862.6388pt x 2770.8318pt>
File: jpg/1.jpg Graphic file (type jpg)
<use jpg/1.jpg>
Package pdftex.def Info: jpg/1.jpg  used on input line 67.
(pdftex.def)             Requested size: 1862.63426pt x 2770.82507pt.
 [3 <./jpg/1.jpg>]
<jpg/2.jpg, id=287, 1830.84pt x 2745.2964pt>
File: jpg/2.jpg Graphic file (type jpg)
<use jpg/2.jpg>
Package pdftex.def Info: jpg/2.jpg  used on input line 73.
(pdftex.def)             Requested size: 1830.83556pt x 2745.28973pt.
 [4 <./jpg/2.jpg>]
<jpg/3.jpg, id=292, 1846.2576pt x 2774.6862pt>
File: jpg/3.jpg Graphic file (type jpg)
<use jpg/3.jpg>
Package pdftex.def Info: jpg/3.jpg  used on input line 77.
(pdftex.def)             Requested size: 1846.25311pt x 2774.67946pt.
 [5 <./jpg/3.jpg>]
<jpg/4.jpg, id=297, 1783.1418pt x 2796.3672pt>
File: jpg/4.jpg Graphic file (type jpg)
<use jpg/4.jpg>
Package pdftex.def Info: jpg/4.jpg  used on input line 82.
(pdftex.def)             Requested size: 1783.13747pt x 2796.36043pt.
 [6 <./jpg/4.jpg>]
<jpg/5.jpg, id=302, 1876.1292pt x 2767.4592pt>
File: jpg/5.jpg Graphic file (type jpg)
<use jpg/5.jpg>
Package pdftex.def Info: jpg/5.jpg  used on input line 86.
(pdftex.def)             Requested size: 1876.12463pt x 2767.45248pt.
 [7 <./jpg/5.jpg>]
<jpg/6.jpg, id=308, 1767.7242pt x 2677.3626pt>
File: jpg/6.jpg Graphic file (type jpg)
<use jpg/6.jpg>
Package pdftex.def Info: jpg/6.jpg  used on input line 91.
(pdftex.def)             Requested size: 1767.7199pt x 2677.3561pt.
 [8 <./jpg/6.jpg>]
<jpg/7.jpg, id=313, 1887.6924pt x 2792.9946pt>
File: jpg/7.jpg Graphic file (type jpg)
<use jpg/7.jpg>
Package pdftex.def Info: jpg/7.jpg  used on input line 96.
(pdftex.def)             Requested size: 1887.6878pt x 2792.98782pt.
 [9 <./jpg/7.jpg>]
<jpg/8.jpg, id=318, 1801.4502pt x 2708.1978pt>
File: jpg/8.jpg Graphic file (type jpg)
<use jpg/8.jpg>
Package pdftex.def Info: jpg/8.jpg  used on input line 101.
(pdftex.def)             Requested size: 1801.44582pt x 2708.19122pt.
 [10 <./jpg/8.jpg>]
<jpg/9.jpg, id=323, 1880.4654pt x 2767.4592pt>
File: jpg/9.jpg Graphic file (type jpg)
<use jpg/9.jpg>
Package pdftex.def Info: jpg/9.jpg  used on input line 106.
(pdftex.def)             Requested size: 1880.46082pt x 2767.45248pt.
 [11 <./jpg/9.jpg>]
<jpg/10.jpg, id=328, 1795.6686pt x 2796.849pt>
File: jpg/10.jpg Graphic file (type jpg)
<use jpg/10.jpg>
Package pdftex.def Info: jpg/10.jpg  used on input line 111.
(pdftex.def)             Requested size: 1795.66423pt x 2796.84221pt.

[12 <./jpg/10.jpg>]
<jpg/11.jpg, id=334, 1910.337pt x 2816.6028pt>
File: jpg/11.jpg Graphic file (type jpg)
<use jpg/11.jpg>
Package pdftex.def Info: jpg/11.jpg  used on input line 117.
(pdftex.def)             Requested size: 1910.33237pt x 2816.59596pt.
 [13 <./jpg/11.jpg>]
<jpg/12.jpg, id=340, 1800.9684pt x 2783.8404pt>
File: jpg/12.jpg Graphic file (type jpg)
<use jpg/12.jpg>
Package pdftex.def Info: jpg/12.jpg  used on input line 122.
(pdftex.def)             Requested size: 1800.96402pt x 2783.83363pt.
 [14 <./jpg/12.jpg>]
<jpg/13.jpg, id=345, 1924.3092pt x 2789.622pt>
File: jpg/13.jpg Graphic file (type jpg)
<use jpg/13.jpg>
Package pdftex.def Info: jpg/13.jpg  used on input line 128.
(pdftex.def)             Requested size: 1924.30453pt x 2789.61522pt.
 [15 <./jpg/13.jpg>]
<jpg/14.jpg, id=350, 1803.8592pt x 2775.6498pt>
File: jpg/14.jpg Graphic file (type jpg)
<use jpg/14.jpg>
Package pdftex.def Info: jpg/14.jpg  used on input line 133.
(pdftex.def)             Requested size: 1803.85483pt x 2775.64305pt.
[16 <./jpg/14.jpg>]
<jpg/15.jpg, id=355, 1910.8188pt x 2784.3222pt>
File: jpg/15.jpg Graphic file (type jpg)
<use jpg/15.jpg>
Package pdftex.def Info: jpg/15.jpg  used on input line 138.
(pdftex.def)             Requested size: 1910.81416pt x 2784.31544pt.
 [17 <./jpg/15.jpg>]
<jpg/16.jpg, id=360, 1814.9406pt x 2755.4142pt>
File: jpg/16.jpg Graphic file (type jpg)
<use jpg/16.jpg>
Package pdftex.def Info: jpg/16.jpg  used on input line 143.
(pdftex.def)             Requested size: 1814.93619pt x 2755.40752pt.
 [18 <./jpg/16.jpg>]
<jpg/17.jpg, id=365, 1916.6004pt x 2778.5406pt>
File: jpg/17.jpg Graphic file (type jpg)
<use jpg/17.jpg>
Package pdftex.def Info: jpg/17.jpg  used on input line 147.
(pdftex.def)             Requested size: 1916.59573pt x 2778.53386pt.
 [19 <./jpg/17.jpg>]
<jpg/18.jpg, id=371, 1805.7864pt x 2779.986pt>
File: jpg/18.jpg Graphic file (type jpg)
<use jpg/18.jpg>
Package pdftex.def Info: jpg/18.jpg  used on input line 152.
(pdftex.def)             Requested size: 1805.78203pt x 2779.97925pt.
[20 <./jpg/18.jpg>]
<jpg/19.jpg, id=376, 1902.6282pt x 2767.4592pt>
File: jpg/19.jpg Graphic file (type jpg)
<use jpg/19.jpg>
Package pdftex.def Info: jpg/19.jpg  used on input line 158.
(pdftex.def)             Requested size: 1902.62358pt x 2767.45248pt.
 [21 <./jpg/19.jpg>]
<jpg/20.jpg, id=381, 1786.0326pt x 2813.712pt>
File: jpg/20.jpg Graphic file (type jpg)
<use jpg/20.jpg>
Package pdftex.def Info: jpg/20.jpg  used on input line 162.
(pdftex.def)             Requested size: 1786.02826pt x 2813.70517pt.
 [22 <./jpg/20.jpg>]
<jpg/21.jpg, id=386, 1800.0048pt x 2759.7504pt>
File: jpg/21.jpg Graphic file (type jpg)
<use jpg/21.jpg>
Package pdftex.def Info: jpg/21.jpg  used on input line 166.
(pdftex.def)             Requested size: 1800.00043pt x 2759.7437pt.
 [23 <./jpg/21.jpg>]
<jpg/22.jpg, id=391, 1755.6792pt x 2818.0482pt>
File: jpg/22.jpg Graphic file (type jpg)
<use jpg/22.jpg>
Package pdftex.def Info: jpg/22.jpg  used on input line 170.
(pdftex.def)             Requested size: 1755.67493pt x 2818.04137pt.
[24 <./jpg/22.jpg>]
<jpg/23.jpg, id=396, 1836.6216pt x 2756.3778pt>
File: jpg/23.jpg Graphic file (type jpg)
<use jpg/23.jpg>
Package pdftex.def Info: jpg/23.jpg  used on input line 174.
(pdftex.def)             Requested size: 1836.61713pt x 2756.37111pt.
 [25 <./jpg/23.jpg>]
<jpg/24.jpg, id=402, 1855.4118pt x 2795.8854pt>
File: jpg/24.jpg Graphic file (type jpg)
<use jpg/24.jpg>
Package pdftex.def Info: jpg/24.jpg  used on input line 178.
(pdftex.def)             Requested size: 1855.4073pt x 2795.87863pt.
 [26 <./jpg/24.jpg>]
<jpg/25.jpg, id=407, 1917.0822pt x 2761.6776pt>
File: jpg/25.jpg Graphic file (type jpg)
<use jpg/25.jpg>
Package pdftex.def Info: jpg/25.jpg  used on input line 182.
(pdftex.def)             Requested size: 1917.07753pt x 2761.67088pt.
 [27 <./jpg/25.jpg>]
<jpg/26.jpg, id=412, 1880.4654pt x 2808.4122pt>
File: jpg/26.jpg Graphic file (type jpg)
<use jpg/26.jpg>
Package pdftex.def Info: jpg/26.jpg  used on input line 187.
(pdftex.def)             Requested size: 1880.46082pt x 2808.4054pt.
[28 <./jpg/26.jpg>]
<jpg/27.jpg, id=417, 1871.793pt x 2783.8404pt>
File: jpg/27.jpg Graphic file (type jpg)
<use jpg/27.jpg>
Package pdftex.def Info: jpg/27.jpg  used on input line 191.
(pdftex.def)             Requested size: 1871.78845pt x 2783.83363pt.
 [29 <./jpg/27.jpg>]
<jpg/28.jpg, id=422, 1790.3688pt x 2802.6306pt>
File: jpg/28.jpg Graphic file (type jpg)
<use jpg/28.jpg>
Package pdftex.def Info: jpg/28.jpg  used on input line 195.
(pdftex.def)             Requested size: 1790.36446pt x 2802.6238pt.
 [30 <./jpg/28.jpg>]
<jpg/29.jpg, id=427, 1924.791pt x 2797.8126pt>
File: jpg/29.jpg Graphic file (type jpg)
<use jpg/29.jpg>
Package pdftex.def Info: jpg/29.jpg  used on input line 199.
(pdftex.def)             Requested size: 1924.78633pt x 2797.8058pt.
 [31 <./jpg/29.jpg>]
<jpg/30.jpg, id=433, 1815.4224pt x 2777.0952pt>
File: jpg/30.jpg Graphic file (type jpg)
<use jpg/30.jpg>
Package pdftex.def Info: jpg/30.jpg  used on input line 203.
(pdftex.def)             Requested size: 1815.41798pt x 2777.08846pt.
[32 <./jpg/30.jpg>]
<jpg/31.jpg, id=438, 1867.9386pt x 2762.1594pt>
File: jpg/31.jpg Graphic file (type jpg)
<use jpg/31.jpg>
Package pdftex.def Info: jpg/31.jpg  used on input line 207.
(pdftex.def)             Requested size: 1867.93407pt x 2762.15268pt.
 [33 <./jpg/31.jpg>]
<jpg/32.jpg, id=443, 1827.9492pt x 2761.6776pt>
File: jpg/32.jpg Graphic file (type jpg)
<use jpg/32.jpg>
Package pdftex.def Info: jpg/32.jpg  used on input line 212.
(pdftex.def)             Requested size: 1827.94476pt x 2761.67088pt.
 [34 <./jpg/32.jpg>]
<jpg/33.jpg, id=448, 1843.8486pt x 2796.3672pt>
File: jpg/33.jpg Graphic file (type jpg)
<use jpg/33.jpg>
Package pdftex.def Info: jpg/33.jpg  used on input line 216.
(pdftex.def)             Requested size: 1843.84413pt x 2796.36043pt.
 [35 <./jpg/33.jpg>]
<jpg/34.jpg, id=453, 1790.3688pt x 2802.6306pt>
File: jpg/34.jpg Graphic file (type jpg)
<use jpg/34.jpg>
Package pdftex.def Info: jpg/34.jpg  used on input line 220.
(pdftex.def)             Requested size: 1790.36446pt x 2802.6238pt.
[36 <./jpg/34.jpg>]
<jpg/35.jpg, id=458, 1892.9922pt x 2771.3136pt>
File: jpg/35.jpg Graphic file (type jpg)
<use jpg/35.jpg>
Package pdftex.def Info: jpg/35.jpg  used on input line 225.
(pdftex.def)             Requested size: 1892.9876pt x 2771.30687pt.
 [37 <./jpg/35.jpg>]
<jpg/36.jpg, id=464, 1818.795pt x 2767.941pt>
File: jpg/36.jpg Graphic file (type jpg)
<use jpg/36.jpg>
Package pdftex.def Info: jpg/36.jpg  used on input line 230.
(pdftex.def)             Requested size: 1818.79059pt x 2767.93428pt.
 [38 <./jpg/36.jpg>]
<jpg/37.jpg, id=469, 1903.11pt x 2733.7332pt>
File: jpg/37.jpg Graphic file (type jpg)
<use jpg/37.jpg>
Package pdftex.def Info: jpg/37.jpg  used on input line 234.
(pdftex.def)             Requested size: 1903.10538pt x 2733.72656pt.
 [39 <./jpg/37.jpg>]
<jpg/38.jpg, id=474, 1790.3688pt x 2730.8424pt>
File: jpg/38.jpg Graphic file (type jpg)
<use jpg/38.jpg>
Package pdftex.def Info: jpg/38.jpg  used on input line 238.
(pdftex.def)             Requested size: 1790.36446pt x 2730.83577pt.
[40 <./jpg/38.jpg>]
<jpg/39.jpg, id=480, 1796.6322pt x 2730.3606pt>
File: jpg/39.jpg Graphic file (type jpg)
<use jpg/39.jpg>
Package pdftex.def Info: jpg/39.jpg  used on input line 242.
(pdftex.def)             Requested size: 1796.62784pt x 2730.35396pt.
 [41 <./jpg/39.jpg>]
<jpg/40.jpg, id=485, 1812.0498pt x 2802.6306pt>
File: jpg/40.jpg Graphic file (type jpg)
<use jpg/40.jpg>
Package pdftex.def Info: jpg/40.jpg  used on input line 246.
(pdftex.def)             Requested size: 1812.0454pt x 2802.6238pt.
 [42 <./jpg/40.jpg>]
<jpg/41.jpg, id=490, 1839.9942pt x 2765.532pt>
File: jpg/41.jpg Graphic file (type jpg)
<use jpg/41.jpg>
Package pdftex.def Info: jpg/41.jpg  used on input line 251.
(pdftex.def)             Requested size: 1839.98973pt x 2765.52528pt.
 [43 <./jpg/41.jpg>]
<jpg/42.jpg, id=496, 1765.3152pt x 2673.99pt>
File: jpg/42.jpg Graphic file (type jpg)
<use jpg/42.jpg>
Package pdftex.def Info: jpg/42.jpg  used on input line 255.
(pdftex.def)             Requested size: 1765.3109pt x 2673.98352pt.
[44 <./jpg/42.jpg>]
<jpg/43.jpg, id=501, 1910.8188pt x 2813.2302pt>
File: jpg/43.jpg Graphic file (type jpg)
<use jpg/43.jpg>
Package pdftex.def Info: jpg/43.jpg  used on input line 261.
(pdftex.def)             Requested size: 1910.81416pt x 2813.22336pt.
 [45 <./jpg/43.jpg>]
<jpg/44.jpg, id=506, 1821.6858pt x 2746.26pt>
File: jpg/44.jpg Graphic file (type jpg)
<use jpg/44.jpg>
Package pdftex.def Info: jpg/44.jpg  used on input line 267.
(pdftex.def)             Requested size: 1821.68137pt x 2746.25333pt.
 [46 <./jpg/44.jpg>]
<jpg/45.jpg, id=511, 1879.02pt x 2790.1038pt>
File: jpg/45.jpg Graphic file (type jpg)
<use jpg/45.jpg>
Package pdftex.def Info: jpg/45.jpg  used on input line 271.
(pdftex.def)             Requested size: 1879.01544pt x 2790.09703pt.
 [47 <./jpg/45.jpg>]
<jpg/46.jpg, id=516, 1818.3132pt x 2761.6776pt>
File: jpg/46.jpg Graphic file (type jpg)
<use jpg/46.jpg>
Package pdftex.def Info: jpg/46.jpg  used on input line 276.
(pdftex.def)             Requested size: 1818.30879pt x 2761.67088pt.
[48 <./jpg/46.jpg>]
<jpg/47.jpg, id=521, 1856.3754pt x 2771.3136pt>
File: jpg/47.jpg Graphic file (type jpg)
<use jpg/47.jpg>
Package pdftex.def Info: jpg/47.jpg  used on input line 281.
(pdftex.def)             Requested size: 1856.3709pt x 2771.30687pt.
 [49 <./jpg/47.jpg>]
<jpg/48.jpg, id=527, 1824.5766pt x 2802.6306pt>
File: jpg/48.jpg Graphic file (type jpg)
<use jpg/48.jpg>
Package pdftex.def Info: jpg/48.jpg  used on input line 285.
(pdftex.def)             Requested size: 1824.57216pt x 2802.6238pt.
 [50 <./jpg/48.jpg>]
<jpg/49.jpg, id=532, 1893.474pt x 2747.7054pt>
File: jpg/49.jpg Graphic file (type jpg)
<use jpg/49.jpg>
Package pdftex.def Info: jpg/49.jpg  used on input line 289.
(pdftex.def)             Requested size: 1893.46939pt x 2747.69873pt.
 [51 <./jpg/49.jpg>]
<jpg/50.jpg, id=537, 1912.2642pt x 2765.0502pt>
File: jpg/50.jpg Graphic file (type jpg)
<use jpg/50.jpg>
Package pdftex.def Info: jpg/50.jpg  used on input line 294.
(pdftex.def)             Requested size: 1912.25957pt x 2765.04349pt.
[52 <./jpg/50.jpg>]
<jpg/51.jpg, id=542, 1906.4826pt x 2783.3586pt>
File: jpg/51.jpg Graphic file (type jpg)
<use jpg/51.jpg>
Package pdftex.def Info: jpg/51.jpg  used on input line 299.
(pdftex.def)             Requested size: 1906.47797pt x 2783.35184pt.
 [53 <./jpg/51.jpg>]
<jpg/52.jpg, id=547, 1833.7308pt x 2752.0416pt>
File: jpg/52.jpg Graphic file (type jpg)
<use jpg/52.jpg>
Package pdftex.def Info: jpg/52.jpg  used on input line 303.
(pdftex.def)             Requested size: 1833.72633pt x 2752.03491pt.
 [54 <./jpg/52.jpg>]
<jpg/53.jpg, id=552, 1899.7374pt x 2782.8768pt>
File: jpg/53.jpg Graphic file (type jpg)
<use jpg/53.jpg>
Package pdftex.def Info: jpg/53.jpg  used on input line 307.
(pdftex.def)             Requested size: 1899.73279pt x 2782.87006pt.
 [55 <./jpg/53.jpg>]
<jpg/54.jpg, id=558, 1887.6924pt x 2792.9946pt>
File: jpg/54.jpg Graphic file (type jpg)
<use jpg/54.jpg>
Package pdftex.def Info: jpg/54.jpg  used on input line 311.
(pdftex.def)             Requested size: 1887.6878pt x 2792.98782pt.
[56 <./jpg/54.jpg>]
<jpg/55.jpg, id=563, 1858.7844pt x 2762.1594pt>
File: jpg/55.jpg Graphic file (type jpg)
<use jpg/55.jpg>
Package pdftex.def Info: jpg/55.jpg  used on input line 315.
(pdftex.def)             Requested size: 1858.77988pt x 2762.15268pt.
 [57 <./jpg/55.jpg>]
<jpg/56.jpg, id=568, 1865.0478pt x 2791.0674pt>
File: jpg/56.jpg Graphic file (type jpg)
<use jpg/56.jpg>
Package pdftex.def Info: jpg/56.jpg  used on input line 319.
(pdftex.def)             Requested size: 1865.04327pt x 2791.06062pt.
 [58 <./jpg/56.jpg>]
<jpg/57.jpg, id=573, 1865.5296pt x 2742.8874pt>
File: jpg/57.jpg Graphic file (type jpg)
<use jpg/57.jpg>
Package pdftex.def Info: jpg/57.jpg  used on input line 323.
(pdftex.def)             Requested size: 1865.52507pt x 2742.88074pt.
 [59 <./jpg/57.jpg>]
<jpg/58.jpg, id=578, 1812.0498pt x 2769.8682pt>
File: jpg/58.jpg Graphic file (type jpg)
<use jpg/58.jpg>
Package pdftex.def Info: jpg/58.jpg  used on input line 327.
(pdftex.def)             Requested size: 1812.0454pt x 2769.86147pt.
[60 <./jpg/58.jpg>]
<jpg/59.jpg, id=583, 1843.8486pt x 2562.2124pt>
File: jpg/59.jpg Graphic file (type jpg)
<use jpg/59.jpg>
Package pdftex.def Info: jpg/59.jpg  used on input line 331.
(pdftex.def)             Requested size: 1843.84413pt x 2562.20618pt.
 [61 <./jpg/59.jpg>]
<jpg/60.jpg, id=589, 1790.3688pt x 2733.7332pt>
File: jpg/60.jpg Graphic file (type jpg)
<use jpg/60.jpg>
Package pdftex.def Info: jpg/60.jpg  used on input line 335.
(pdftex.def)             Requested size: 1790.36446pt x 2733.72656pt.
 [62 <./jpg/60.jpg>]
<jpg/61.jpg, id=594, 1932.018pt x 2802.6306pt>
File: jpg/61.jpg Graphic file (type jpg)
<use jpg/61.jpg>
Package pdftex.def Info: jpg/61.jpg  used on input line 339.
(pdftex.def)             Requested size: 1932.0133pt x 2802.6238pt.
 [63 <./jpg/61.jpg>]
<jpg/62.jpg, id=599, 1839.9942pt x 2802.6306pt>
File: jpg/62.jpg Graphic file (type jpg)
<use jpg/62.jpg>
Package pdftex.def Info: jpg/62.jpg  used on input line 343.
(pdftex.def)             Requested size: 1839.98973pt x 2802.6238pt.
[64 <./jpg/62.jpg>]
<jpg/63.jpg, id=604, 1893.9558pt x 2802.6306pt>
File: jpg/63.jpg Graphic file (type jpg)
<use jpg/63.jpg>
Package pdftex.def Info: jpg/63.jpg  used on input line 347.
(pdftex.def)             Requested size: 1893.95119pt x 2802.6238pt.
 [65 <./jpg/63.jpg>]
<jpg/64.jpg, id=609, 1896.3648pt x 2787.213pt>
File: jpg/64.jpg Graphic file (type jpg)
<use jpg/64.jpg>
Package pdftex.def Info: jpg/64.jpg  used on input line 351.
(pdftex.def)             Requested size: 1896.3602pt x 2787.20622pt.
 [66 <./jpg/64.jpg>]
<jpg/65.jpg, id=614, 1831.3218pt x 2790.1038pt>
File: jpg/65.jpg Graphic file (type jpg)
<use jpg/65.jpg>
Package pdftex.def Info: jpg/65.jpg  used on input line 355.
(pdftex.def)             Requested size: 1831.31735pt x 2790.09703pt.
 [67 <./jpg/65.jpg>]
<jpg/66.jpg, id=621, 1842.885pt x 2771.3136pt>
File: jpg/66.jpg Graphic file (type jpg)
<use jpg/66.jpg>
Package pdftex.def Info: jpg/66.jpg  used on input line 359.
(pdftex.def)             Requested size: 1842.88052pt x 2771.30687pt.
[68 <./jpg/66.jpg>]
<jpg/67.jpg, id=626, 1919.4912pt x 2815.1574pt>
File: jpg/67.jpg Graphic file (type jpg)
<use jpg/67.jpg>
Package pdftex.def Info: jpg/67.jpg  used on input line 363.
(pdftex.def)             Requested size: 1919.48653pt x 2815.15056pt.
 [69 <./jpg/67.jpg>]
<jpg/68.jpg, id=631, 1902.1464pt x 2821.4208pt>
File: jpg/68.jpg Graphic file (type jpg)
<use jpg/68.jpg>
Package pdftex.def Info: jpg/68.jpg  used on input line 367.
(pdftex.def)             Requested size: 1902.14177pt x 2821.41396pt.
 [70 <./jpg/68.jpg>]
<jpg/69.jpg, id=636, 1964.7804pt x 2802.6306pt>
File: jpg/69.jpg Graphic file (type jpg)
<use jpg/69.jpg>
Package pdftex.def Info: jpg/69.jpg  used on input line 371.
(pdftex.def)             Requested size: 1964.77562pt x 2802.6238pt.
 [71 <./jpg/69.jpg>]
<jpg/70.jpg, id=641, 1911.3006pt x 2802.6306pt>
File: jpg/70.jpg Graphic file (type jpg)
<use jpg/70.jpg>
Package pdftex.def Info: jpg/70.jpg  used on input line 375.
(pdftex.def)             Requested size: 1911.29596pt x 2802.6238pt.
[72 <./jpg/70.jpg>]
<jpg/71.jpg, id=646, 1986.4614pt x 2802.6306pt>
File: jpg/71.jpg Graphic file (type jpg)
<use jpg/71.jpg>
Package pdftex.def Info: jpg/71.jpg  used on input line 379.
(pdftex.def)             Requested size: 1986.45656pt x 2802.6238pt.
 [73 <./jpg/71.jpg>]
<jpg/72.jpg, id=652, 1897.3284pt x 2802.6306pt>
File: jpg/72.jpg Graphic file (type jpg)
<use jpg/72.jpg>
Package pdftex.def Info: jpg/72.jpg  used on input line 383.
(pdftex.def)             Requested size: 1897.32379pt x 2802.6238pt.
 [74 <./jpg/72.jpg>]
<jpg/73.jpg, id=657, 1840.9578pt x 1280.1426pt>
File: jpg/73.jpg Graphic file (type jpg)
<use jpg/73.jpg>
Package pdftex.def Info: jpg/73.jpg  used on input line 387.
(pdftex.def)             Requested size: 1840.95332pt x 1280.13948pt.
 [75 <./jpg/73.jpg>]
Package atveryend Info: Empty hook `BeforeClearDocument' on input line 391.
Package atveryend Info: Empty hook `AfterLastShipout' on input line 391.
(./atomka.aux)
Package atveryend Info: Executing hook `AtVeryEndDocument' on input line 391.
Package atveryend Info: Executing hook `AtEndAfterFileList' on input line 391.
Package rerunfilecheck Info: File `atomka.out' has not changed.
(rerunfilecheck)             Checksum: BF5F9DE4B0D76217FCAF299CEF90F452;12990.
Package atveryend Info: Empty hook `AtVeryVeryEnd' on input line 391.
 ) 
Here is how much of TeX's memory you used:
 11777 strings out of 492639
 166832 string characters out of 6133087
 255864 words of memory out of 5000000
 15303 multiletter control sequences out of 15000+600000
 12538 words of font info for 28 fonts, out of 8000000 for 9000
 1141 hyphenation exceptions out of 8191
 30i,12n,43p,849b,526s stack positions out of 5000i,500n,10000p,200000b,80000s
{c:/texlive/2018/texmf-dist/fonts/enc/dvips/cm-super/cm-super-t2a.enc}<c:/tex
live/2018/texmf-dist/fonts/type1/public/cm-super/sfbi1440.pfb><c:/texlive/2018/
texmf-dist/fonts/type1/public/cm-super/sfbi1728.pfb><c:/texlive/2018/texmf-dist
/fonts/type1/public/cm-super/sfbx1440.pfb><c:/texlive/2018/texmf-dist/fonts/typ
e1/public/cm-super/sfbx1728.pfb><c:/texlive/2018/texmf-dist/fonts/type1/public/
cm-super/sfbx2074.pfb><c:/texlive/2018/texmf-dist/fonts/type1/public/cm-super/s
frm1440.pfb><c:/texlive/2018/texmf-dist/fonts/type1/public/cm-super/sfti1440.pf
b>
Output written on atomka.pdf (75 pages, 51425494 bytes).
PDF statistics:
 720 PDF objects out of 1000 (max. 8388607)
 552 compressed objects within 6 object streams
 128 named destinations out of 1000 (max. 500000)
 794 words of extra memory for PDF output out of 10000 (max. 10000000)

