\BOOKMARK [0][-]{section*.2}{\376\377\004\020\004\102\004\076\004\074\004\075\004\060\004\117\000\040\004\104\004\070\004\067\004\070\004\072\004\060}{}% 1
\BOOKMARK [1][-]{section*.3}{\376\377\004\034\004\075\004\076\004\063\004\076\004\115\004\073\004\065\004\072\004\102\004\100\004\076\004\075\004\075\004\113\004\065\000\040\004\060\004\102\004\076\004\074\004\113}{section*.2}% 2
\BOOKMARK [2][-]{section*.4}{\376\377\004\041\004\077\004\070\004\075\000-\004\076\004\100\004\061\004\070\004\102\004\060\004\073\004\114\004\075\004\076\004\065\000\040\004\062\004\067\004\060\004\070\004\074\004\076\004\064\004\065\004\071\004\101\004\102\004\062\004\070\004\065\000\040\004\074\004\075\004\076\004\063\004\076\004\115\004\073\004\065\004\072\004\102\004\100\004\076\004\075\004\075\004\076\004\063\004\076\000\040\004\060\004\102\004\076\004\074\004\060}{section*.3}% 3
\BOOKMARK [3][-]{section*.5}{\376\377\000L\000-\000S\000\040\004\101\004\062\004\117\004\067\004\114}{section*.4}% 4
\BOOKMARK [3][-]{section*.6}{\376\377\000j\000-\000j\000\040\004\101\004\062\004\117\004\067\004\114}{section*.4}% 5
\BOOKMARK [2][-]{section*.7}{\376\377\004\037\004\100\004\060\004\062\004\070\004\073\004\060\000\040\004\076\004\102\004\061\004\076\004\100\004\060}{section*.3}% 6
\BOOKMARK [2][-]{section*.8}{\376\377\004\055\004\104\004\104\004\065\004\072\004\102\000\040\004\027\004\065\004\065\004\074\004\060\004\075\004\060}{section*.3}% 7
\BOOKMARK [3][-]{section*.9}{\376\377\004\037\004\100\004\076\004\101\004\102\004\076\004\071\000\040\004\115\004\104\004\104\004\065\004\072\004\102\000\040\004\027\004\065\004\065\004\074\004\060\004\075\004\060}{section*.8}% 8
\BOOKMARK [3][-]{section*.10}{\376\377\004\041\004\073\004\076\004\066\004\075\004\113\004\071\000\040\004\115\004\104\004\104\004\065\004\072\004\102\000\040\004\027\004\065\004\065\004\074\004\060\004\075\004\060}{section*.8}% 9
\BOOKMARK [2][-]{section*.11}{\376\377\004\055\004\104\004\104\004\065\004\072\004\102\000\040\004\037\004\060\004\110\004\065\004\075\004\060\000-\004\021\004\060\004\072\004\060}{section*.3}% 10
\BOOKMARK [2][-]{section*.12}{\376\377\004\034\004\060\004\063\004\075\004\070\004\102\004\075\004\113\004\071\000\040\004\100\004\065\004\067\004\076\004\075\004\060\004\075\004\101}{section*.3}% 11
\BOOKMARK [2][-]{section*.13}{\376\377\004\055\004\104\004\104\004\065\004\072\004\102\000\040\004\050\004\102\004\060\004\100\004\072\004\060}{section*.3}% 12
\BOOKMARK [1][-]{section*.14}{\376\377\004\034\004\075\004\076\004\063\004\076\004\115\004\073\004\065\004\072\004\102\004\100\004\076\004\075\004\075\004\113\004\065\000\040\004\072\004\062\004\060\004\075\004\102\004\076\004\062\004\113\004\065\000\040\004\101\004\070\004\101\004\102\004\065\004\074\004\113}{section*.2}% 13
\BOOKMARK [2][-]{section*.15}{\376\377\004\037\004\100\004\070\004\075\004\106\004\070\004\077\000\040\004\067\004\060\004\077\004\100\004\065\004\102\004\060\000\040\004\037\004\060\004\103\004\073\004\070}{section*.14}% 14
\BOOKMARK [2][-]{section*.16}{\376\377\004\037\004\065\004\100\004\070\004\076\004\064\004\070\004\107\004\065\004\101\004\072\004\060\004\117\000\040\004\101\004\070\004\101\004\102\004\065\004\074\004\060\000\040\004\034\004\065\004\075\004\064\004\065\004\073\004\065\004\065\004\062\004\060}{section*.14}% 15
\BOOKMARK [2][-]{section*.17}{\376\377\004\020\004\102\004\076\004\074\000\040\004\063\004\065\004\073\004\070\004\117}{section*.14}% 16
\BOOKMARK [2][-]{section*.18}{\376\377\004\045\004\070\004\074\004\070\004\107\004\065\004\101\004\072\004\060\004\117\000\040\004\101\004\062\004\117\004\067\004\114\000.\000\040\004\034\004\076\004\073\004\065\004\072\004\103\004\073\004\060\000\040\004\062\004\076\004\064\004\076\004\100\004\076\004\064\004\060}{section*.14}% 17
\BOOKMARK [1][-]{section*.19}{\376\377\004\036\004\101\004\075\004\076\004\062\004\113\000\040\004\104\004\070\004\067\004\070\004\072\004\070\000\040\004\102\004\062\004\065\004\100\004\064\004\076\004\063\004\076\000\040\004\102\004\065\004\073\004\060}{section*.2}% 18
\BOOKMARK [2][-]{section*.20}{\376\377\004\032\004\062\004\060\004\075\004\102\004\076\004\062\004\060\004\117\000\040\004\101\004\102\004\060\004\102\004\070\004\101\004\102\004\070\004\072\004\060}{section*.19}% 19
\BOOKMARK [2][-]{section*.21}{\376\377\004\022\004\113\004\100\004\076\004\066\004\064\004\065\004\075\004\075\004\113\004\071\000\040\004\070\004\064\004\065\004\060\004\073\004\114\004\075\004\113\004\071\000\040\004\063\004\060\004\067}{section*.19}% 20
\BOOKMARK [3][-]{section*.22}{\376\377\004\032\004\100\004\070\004\102\004\065\004\100\004\070\004\071\000\040\004\075\004\065\004\062\004\113\004\100\004\076\004\066\004\064\004\065\004\075\004\075\004\076\004\101\004\102\004\070\000\040\004\030\004\023}{section*.21}% 21
\BOOKMARK [2][-]{section*.23}{\376\377\004\042\004\065\004\077\004\073\004\076\004\065\004\074\004\072\004\076\004\101\004\102\004\114\000\040\004\102\004\062\004\065\004\100\004\064\004\113\004\105\000\040\004\102\004\065\004\073}{section*.19}% 22
\BOOKMARK [3][-]{section*.24}{\376\377\004\042\004\065\004\076\004\100\004\070\004\117\000\040\004\024\004\065\004\061\004\060\004\117}{section*.23}% 23
\BOOKMARK [2][-]{section*.25}{\376\377\004\027\004\076\004\075\004\075\004\060\004\117\000\040\004\101\004\102\004\100\004\103\004\072\004\102\004\103\004\100\004\060\000\040\004\072\004\100\004\070\004\101\004\102\004\060\004\073\004\073\004\070\004\107\004\065\004\101\004\072\004\070\004\105\000\040\004\102\004\062\004\065\004\100\004\064\004\113\004\105\000\040\004\102\004\065\004\073\000.\000\040\004\022\004\076\004\073\004\075\004\113\000\040\004\021\004\073\004\076\004\105\004\060}{section*.19}% 24
\BOOKMARK [3][-]{section*.26}{\376\377\004\022\004\076\004\073\004\075\004\113\000\040\004\021\004\073\004\076\004\105\004\060\000\040\000\050\004\115\004\073\004\065\004\072\004\102\004\100\004\076\004\075\000\040\004\062\000\040\004\077\004\065\004\100\004\070\004\076\004\064\004\070\004\107\004\065\004\101\004\072\004\076\004\074\000\040\004\077\004\076\004\102\004\065\004\075\004\106\004\070\004\060\004\073\004\065\000\051}{section*.25}% 25
\BOOKMARK [2][-]{section*.27}{\376\377\004\055\004\073\004\065\004\072\004\102\004\100\004\076\004\077\004\100\004\076\004\062\004\076\004\064\004\075\004\076\004\101\004\102\004\114}{section*.19}% 26
\BOOKMARK [0][-]{section*.28}{\376\377\004\044\004\070\004\067\004\070\004\072\004\060\000\040\004\060\004\102\004\076\004\074\004\075\004\076\004\063\004\076\000\040\004\117\004\064\004\100\004\060\000\040\004\070\000\040\004\115\004\073\004\065\004\074\004\065\004\075\004\102\004\060\004\100\004\075\004\113\004\105\000\040\004\107\004\060\004\101\004\102\004\070\004\106}{}% 27
\BOOKMARK [1][-]{section*.29}{\376\377\004\044\004\070\004\067\004\070\004\072\004\060\000\040\004\060\004\102\004\076\004\074\004\075\004\076\004\063\004\076\000\040\004\117\004\064\004\100\004\060}{section*.28}% 28
\BOOKMARK [2][-]{section*.30}{\376\377\004\045\004\060\004\100\004\060\004\072\004\102\004\065\004\100\004\070\004\101\004\102\004\070\004\072\004\070\000\040\004\060\004\102\004\076\004\074\004\075\004\076\004\063\004\076\000\040\004\117\004\064\004\100\004\060}{section*.29}% 29
\BOOKMARK [2][-]{section*.31}{\376\377\004\041\004\077\004\070\004\075\000\040\004\117\004\064\004\100\004\060\000\040\004\070\000\040\004\101\004\062\004\065\004\100\004\105\004\102\004\076\004\075\004\072\004\060\004\117\000\040\004\101\004\102\004\100\004\103\004\072\004\102\004\103\004\100\004\060\000\040\004\101\004\077\004\065\004\072\004\102\004\100\004\060\004\073\004\114\004\075\004\113\004\105\000\040\004\073\004\070\004\075\004\070\004\071}{section*.29}% 30
\BOOKMARK [2][-]{section*.32}{\376\377\004\034\004\060\004\101\004\101\004\060\000\040\004\117\004\064\004\100\004\060\000\040\004\070\000\040\004\115\004\075\004\065\004\100\004\063\004\070\004\117\000\040\004\101\004\062\004\117\004\067\004\070\000\040\004\075\004\103\004\072\004\073\004\076\004\075\004\076\004\062\000\040\004\062\000\040\004\117\004\064\004\100\004\065}{section*.29}% 31
\BOOKMARK [2][-]{section*.33}{\376\377\004\034\004\076\004\064\004\065\004\073\004\070\000\040\004\117\004\064\004\100\004\060}{section*.29}% 32
\BOOKMARK [2][-]{section*.34}{\376\377\004\040\004\060\004\064\004\070\004\076\004\060\004\072\004\102\004\070\004\062\004\075\004\076\004\101\004\102\004\114}{section*.29}% 33
\BOOKMARK [3][-]{section*.35}{\376\377\004\042\004\070\004\077\004\113\000\040\004\100\004\060\004\064\004\070\004\076\004\060\004\072\004\102\004\070\004\062\004\075\004\113\004\105\000\040\004\100\004\060\004\101\004\077\004\060\004\064\004\076\004\062}{section*.34}% 34
\BOOKMARK [3][-]{section*.36}{\376\377\004\027\004\060\004\072\004\076\004\075\000\040\004\100\004\060\004\064\004\070\004\076\004\060\004\072\004\102\004\070\004\062\004\075\004\076\004\063\004\076\000\040\004\100\004\060\004\101\004\077\004\060\004\064\004\060}{section*.34}% 35
\BOOKMARK [1][-]{section*.37}{\376\377\004\055\004\073\004\065\004\074\004\065\004\075\004\102\004\060\004\100\004\075\004\113\004\065\000\040\004\107\004\060\004\101\004\102\004\070\004\106\004\113}{section*.28}% 36
\BOOKMARK [2][-]{section*.38}{\376\377\004\037\004\100\004\065\004\064\004\101\004\102\004\060\004\062\004\073\004\065\004\075\004\070\004\065\000\040\004\076\000\040\004\072\004\062\004\060\004\075\004\102\004\076\004\062\004\076\004\071\000\040\004\115\004\073\004\065\004\072\004\102\004\100\004\076\004\064\004\070\004\075\004\060\004\074\004\070\004\072\004\065\000\040\004\070\000\040\004\064\004\070\004\060\004\063\004\100\004\060\004\074\004\074\004\113\000\040\004\044\004\065\004\071\004\075\004\074\004\060\004\075\004\060}{section*.37}% 37
\BOOKMARK [2][-]{section*.39}{\376\377\004\041\004\070\004\073\004\114\004\075\004\076\004\065\000\040\004\117\004\064\004\065\004\100\004\075\004\076\004\065\000\040\004\062\004\067\004\060\004\070\004\074\004\076\004\064\004\065\004\071\004\101\004\102\004\062\004\070\004\065}{section*.37}% 38
\BOOKMARK [2][-]{section*.40}{\376\377\004\030\004\067\004\076\004\102\004\076\004\077\004\070\004\107\004\065\004\101\004\072\004\070\004\071\000\040\004\101\004\077\004\070\004\075}{section*.37}% 39
\BOOKMARK [2][-]{section*.41}{\376\377\004\041\004\102\004\100\004\060\004\075\004\075\004\113\004\065\000\040\004\107\004\060\004\101\004\102\004\070\004\106\004\113}{section*.37}% 40
\BOOKMARK [2][-]{section*.42}{\376\377\004\032\004\062\004\060\004\100\004\072\004\070}{section*.37}% 41
\BOOKMARK [2][-]{section*.43}{\376\377\004\032\004\076\004\075\004\104\004\060\004\071\004\075\004\070\004\065\004\075\004\102}{section*.37}% 42
\BOOKMARK [2][-]{section*.44}{\376\377\004\041\004\073\004\060\004\061\004\076\004\065\000\040\004\117\004\064\004\065\004\100\004\075\004\076\004\065\000\040\004\062\004\067\004\060\004\070\004\074\004\076\004\064\004\065\004\071\004\101\004\102\004\062\004\070\004\065}{section*.37}% 43
\BOOKMARK [2][-]{section*.45}{\376\377\004\035\004\065\004\071\004\102\004\100\004\070\004\075\004\076}{section*.37}% 44
\BOOKMARK [2][-]{section*.46}{\376\377\004\021\004\076\004\067\004\076\004\075\000\040\004\045\004\070\004\063\004\063\004\101\004\060}{section*.37}% 45
\BOOKMARK [2][-]{section*.47}{\376\377\004\041\004\102\004\060\004\075\004\064\004\060\004\100\004\102\004\075\004\060\004\117\000\040\004\074\004\076\004\064\004\065\004\073\004\114\000.\000\040\004\042\004\065\004\074\004\075\004\076\004\065\000\040\004\062\004\065\004\111\004\065\004\101\004\102\004\062\004\076}{section*.37}% 46
\BOOKMARK [2][-]{section*.48}{\376\377\004\032\004\073\004\060\004\101\004\101\004\070\004\104\004\070\004\072\004\060\004\106\004\070\004\117\000\040\004\115\004\073\004\065\004\074\004\065\004\075\004\102\004\060\004\100\004\075\004\113\004\105\000\040\004\107\004\060\004\101\004\102\004\070\004\106}{section*.37}% 47
\BOOKMARK [2][-]{section*.49}{\376\377\004\044\004\103\004\075\004\064\004\060\004\074\004\065\004\075\004\102\004\060\004\073\004\114\004\075\004\076\004\065\000\040\004\062\004\067\004\060\004\070\004\074\004\076\004\064\004\065\004\071\004\101\004\102\004\062\004\070\004\065}{section*.37}% 48
\BOOKMARK [2][-]{section*.50}{\376\377\004\027\004\060\004\072\004\076\004\075\004\113\000\040\004\101\004\076\004\105\004\100\004\060\004\075\004\065\004\075\004\070\004\117}{section*.37}% 49
\BOOKMARK [2][-]{section*.51}{\376\377\004\027\004\060\000\040\004\077\004\100\004\065\004\064\004\065\004\073\004\060\004\074\004\070\000\040\004\101\004\102\004\060\004\075\004\064\004\060\004\100\004\102\004\075\004\076\004\071\000\040\004\074\004\076\004\064\004\065\004\073\004\070}{section*.37}% 50
\BOOKMARK [2][-]{section*.52}{\376\377\004\032\004\062\004\060\004\075\004\102\004\076\004\062\004\060\004\117\000\040\004\102\004\065\004\076\004\100\004\070\004\117\000\040\004\063\004\100\004\060\004\062\004\070\004\102\004\060\004\106\004\070\004\070}{section*.37}% 51
